#
# There is insufficient memory for the Java Runtime Environment to continue.
# Native memory allocation (malloc) failed to allocate 259088 bytes for Chunk::new
# Possible reasons:
#   The system is out of physical RAM or swap space
#   The process is running with CompressedOops enabled, and the Java Heap may be blocking the growth of the native heap
# Possible solutions:
#   Reduce memory load on the system
#   Increase physical memory or swap space
#   Check if swap backing store is full
#   Decrease Java heap size (-Xmx/-Xms)
#   Decrease number of Java threads
#   Decrease Java thread stack sizes (-Xss)
#   Set larger code cache with -XX:ReservedCodeCacheSize=
#   JVM is running with Unscaled Compressed Oops mode in which the Java heap is
#     placed in the first 4GB address space. The Java Heap base address is the
#     maximum limit for the native heap growth. Please use -XX:HeapBaseMinAddress
#     to set the Java Heap base and to place the Java Heap above 4GB virtual address.
# This output file may be truncated or incomplete.
#
#  Out of Memory Error (arena.cpp:191), pid=14288, tid=7908
#
# JRE version: OpenJDK Runtime Environment Temurin-17.0.10+7 (17.0.10+7) (build 17.0.10+7)
# Java VM: OpenJDK 64-Bit Server VM Temurin-17.0.10+7 (17.0.10+7, mixed mode, tiered, compressed oops, compressed class ptrs, parallel gc, windows-amd64)
# No core dump will be written. Minidumps are not enabled by default on client versions of Windows
#

---------------  S U M M A R Y ------------

Command Line: --add-modules=ALL-SYSTEM --add-opens=java.base/java.util=ALL-UNNAMED --add-opens=java.base/java.lang=ALL-UNNAMED --add-opens=java.base/sun.nio.fs=ALL-UNNAMED -Declipse.application=org.eclipse.jdt.ls.core.id1 -Dosgi.bundles.defaultStartLevel=4 -Declipse.product=org.eclipse.jdt.ls.core.product -Djava.import.generatesMetadataFilesAtProjectRoot=false -DDetectVMInstallationsJob.disabled=true -Dfile.encoding=utf8 -XX:+UseParallelGC -XX:GCTimeRatio=4 -XX:AdaptiveSizePolicyWeight=90 -Dsun.zip.disableMemoryMapping=true -Xmx1G -Xms100m -Xlog:disable -javaagent:c:\Users\Rashi\.vscode\extensions\redhat.java-1.28.1-win32-x64\lombok\lombok-1.18.31.jar c:\Users\Rashi\.vscode\extensions\redhat.java-1.28.1-win32-x64\server\plugins\org.eclipse.equinox.launcher_1.6.700.v20231214-2017.jar -configuration c:\Users\Rashi\AppData\Roaming\Code\User\globalStorage\redhat.java\1.28.1\config_ss_win -data c:\Users\Rashi\AppData\Roaming\Code\User\workspaceStorage\c6eaf296e785e8220cfca6199db8f1a7\redhat.java\ss_ws --stdio

Host: Intel(R) Core(TM) i5-10210U CPU @ 1.60GHz, 8 cores, 7G,  Windows 10 , 64 bit Build 19041 (10.0.19041.3636)
Time: Thu Mar 28 19:48:02 2024 India Standard Time elapsed time: 4.102896 seconds (0d 0h 0m 4s)

---------------  T H R E A D  ---------------

Current thread (0x00000212ba18c8e0):  JavaThread "C2 CompilerThread0" daemon [_thread_in_native, id=7908, stack(0x0000005f33c00000,0x0000005f33d00000)]


Current CompileTask:
C2:   4103 2282       4       java.util.Properties::loadConvert (540 bytes)

Stack: [0x0000005f33c00000,0x0000005f33d00000]
Native frames: (J=compiled Java code, j=interpreted, Vv=VM code, C=native code)
V  [jvm.dll+0x67d2c9]
V  [jvm.dll+0x834afa]
V  [jvm.dll+0x8365be]
V  [jvm.dll+0x836c23]
V  [jvm.dll+0x2477ff]
V  [jvm.dll+0xac514]
V  [jvm.dll+0xacb5c]
V  [jvm.dll+0x3667d7]
V  [jvm.dll+0x330bfa]
V  [jvm.dll+0x33009a]
V  [jvm.dll+0x219ef1]
V  [jvm.dll+0x219311]
V  [jvm.dll+0x1a502d]
V  [jvm.dll+0x2290de]
V  [jvm.dll+0x2272ac]
V  [jvm.dll+0x7e9bb7]
V  [jvm.dll+0x7e3fba]
V  [jvm.dll+0x67c1b5]
C  [ucrtbase.dll+0x21bb2]
C  [KERNEL32.DLL+0x17344]
C  [ntdll.dll+0x526b1]


---------------  P R O C E S S  ---------------

Threads class SMR info:
_java_thread_list=0x00000212bc3cb380, length=27, elements={
0x000002129f131ec0, 0x00000212b4ede2f0, 0x00000212ba155f20, 0x00000212ba1806f0,
0x00000212ba181470, 0x00000212ba1820f0, 0x00000212ba18bb40, 0x00000212ba18c8e0,
0x00000212ba1e43e0, 0x00000212ba1f0a30, 0x000002129f192790, 0x00000212ba488360,
0x00000212bb1dc4c0, 0x00000212bb1db590, 0x00000212bb1dc9d0, 0x00000212bb1dcee0,
0x00000212bb1dde10, 0x00000212bb1de320, 0x00000212bb1dd3f0, 0x00000212bb1dd900,
0x00000212bb1de830, 0x00000212bb52c320, 0x00000212bb1db080, 0x00000212bb1dbaa0,
0x00000212bbc1d6e0, 0x00000212bbc1ccc0, 0x00000212bbc24130
}

Java Threads: ( => current thread )
  0x000002129f131ec0 JavaThread "main" [_thread_blocked, id=13652, stack(0x0000005f33200000,0x0000005f33300000)]
  0x00000212b4ede2f0 JavaThread "Reference Handler" daemon [_thread_blocked, id=5852, stack(0x0000005f33500000,0x0000005f33600000)]
  0x00000212ba155f20 JavaThread "Finalizer" daemon [_thread_blocked, id=6056, stack(0x0000005f33600000,0x0000005f33700000)]
  0x00000212ba1806f0 JavaThread "Signal Dispatcher" daemon [_thread_blocked, id=2004, stack(0x0000005f33800000,0x0000005f33900000)]
  0x00000212ba181470 JavaThread "Attach Listener" daemon [_thread_blocked, id=5372, stack(0x0000005f33900000,0x0000005f33a00000)]
  0x00000212ba1820f0 JavaThread "Service Thread" daemon [_thread_blocked, id=14468, stack(0x0000005f33a00000,0x0000005f33b00000)]
  0x00000212ba18bb40 JavaThread "Monitor Deflation Thread" daemon [_thread_blocked, id=1828, stack(0x0000005f33b00000,0x0000005f33c00000)]
=>0x00000212ba18c8e0 JavaThread "C2 CompilerThread0" daemon [_thread_in_native, id=7908, stack(0x0000005f33c00000,0x0000005f33d00000)]
  0x00000212ba1e43e0 JavaThread "C1 CompilerThread0" daemon [_thread_blocked, id=7280, stack(0x0000005f33d00000,0x0000005f33e00000)]
  0x00000212ba1f0a30 JavaThread "Sweeper thread" daemon [_thread_blocked, id=2956, stack(0x0000005f33e00000,0x0000005f33f00000)]
  0x000002129f192790 JavaThread "Common-Cleaner" daemon [_thread_blocked, id=10836, stack(0x0000005f33f00000,0x0000005f34000000)]
  0x00000212ba488360 JavaThread "Notification Thread" daemon [_thread_blocked, id=11716, stack(0x0000005f34100000,0x0000005f34200000)]
  0x00000212bb1dc4c0 JavaThread "Equinox resolver thread - Equinox Container: 6317b228-18b0-48e0-9d7a-d9ba7872d608" daemon [_thread_blocked, id=3840, stack(0x0000005f34800000,0x0000005f34900000)]
  0x00000212bb1db590 JavaThread "Equinox resolver thread - Equinox Container: 6317b228-18b0-48e0-9d7a-d9ba7872d608" daemon [_thread_blocked, id=11064, stack(0x0000005f34900000,0x0000005f34a00000)]
  0x00000212bb1dc9d0 JavaThread "Equinox resolver thread - Equinox Container: 6317b228-18b0-48e0-9d7a-d9ba7872d608" daemon [_thread_blocked, id=14676, stack(0x0000005f34a00000,0x0000005f34b00000)]
  0x00000212bb1dcee0 JavaThread "Equinox resolver thread - Equinox Container: 6317b228-18b0-48e0-9d7a-d9ba7872d608" daemon [_thread_blocked, id=14004, stack(0x0000005f34b00000,0x0000005f34c00000)]
  0x00000212bb1dde10 JavaThread "Equinox resolver thread - Equinox Container: 6317b228-18b0-48e0-9d7a-d9ba7872d608" daemon [_thread_blocked, id=12336, stack(0x0000005f34c00000,0x0000005f34d00000)]
  0x00000212bb1de320 JavaThread "Equinox resolver thread - Equinox Container: 6317b228-18b0-48e0-9d7a-d9ba7872d608" daemon [_thread_blocked, id=8204, stack(0x0000005f34d00000,0x0000005f34e00000)]
  0x00000212bb1dd3f0 JavaThread "Active Thread: Equinox Container: 6317b228-18b0-48e0-9d7a-d9ba7872d608" [_thread_blocked, id=4072, stack(0x0000005f34e00000,0x0000005f34f00000)]
  0x00000212bb1dd900 JavaThread "Framework Event Dispatcher: Equinox Container: 6317b228-18b0-48e0-9d7a-d9ba7872d608" daemon [_thread_blocked, id=12092, stack(0x0000005f34f00000,0x0000005f35000000)]
  0x00000212bb1de830 JavaThread "Start Level: Equinox Container: 6317b228-18b0-48e0-9d7a-d9ba7872d608" daemon [_thread_in_native, id=7248, stack(0x0000005f35000000,0x0000005f35100000)]
  0x00000212bb52c320 JavaThread "C2 CompilerThread1" daemon [_thread_in_native, id=11964, stack(0x0000005f35100000,0x0000005f35200000)]
  0x00000212bb1db080 JavaThread "Refresh Thread: Equinox Container: 6317b228-18b0-48e0-9d7a-d9ba7872d608" daemon [_thread_blocked, id=3424, stack(0x0000005f35300000,0x0000005f35400000)]
  0x00000212bb1dbaa0 JavaThread "Equinox resolver thread - Equinox Container: 6317b228-18b0-48e0-9d7a-d9ba7872d608" daemon [_thread_blocked, id=10604, stack(0x0000005f35400000,0x0000005f35500000)]
  0x00000212bbc1d6e0 JavaThread "Equinox resolver thread - Equinox Container: 6317b228-18b0-48e0-9d7a-d9ba7872d608" daemon [_thread_blocked, id=14964, stack(0x0000005f35500000,0x0000005f35600000)]
  0x00000212bbc1ccc0 JavaThread "SCR Component Actor" daemon [_thread_blocked, id=14092, stack(0x0000005f35600000,0x0000005f35700000)]
  0x00000212bbc24130 JavaThread "SCR Component Registry" daemon [_thread_blocked, id=3652, stack(0x0000005f35700000,0x0000005f35800000)]

Other Threads:
  0x00000212ba140c20 VMThread "VM Thread" [stack: 0x0000005f33400000,0x0000005f33500000] [id=2264]
  0x00000212ba4f4000 WatcherThread [stack: 0x0000005f34200000,0x0000005f34300000] [id=12036]
  0x000002129f144ba0 GCTaskThread "GC Thread#0" [stack: 0x0000005f33300000,0x0000005f33400000] [id=10664]
  0x00000212bb7a2a80 GCTaskThread "GC Thread#1" [stack: 0x0000005f34000000,0x0000005f34100000] [id=10016]
  0x00000212ba31b440 GCTaskThread "GC Thread#2" [stack: 0x0000005f34300000,0x0000005f34400000] [id=12892]
  0x00000212ba31b700 GCTaskThread "GC Thread#3" [stack: 0x0000005f34400000,0x0000005f34500000] [id=5572]
  0x00000212ba31b9c0 GCTaskThread "GC Thread#4" [stack: 0x0000005f34500000,0x0000005f34600000] [id=3060]
  0x00000212bb32daa0 GCTaskThread "GC Thread#5" [stack: 0x0000005f34600000,0x0000005f34700000] [id=12004]
  0x00000212bb32dd60 GCTaskThread "GC Thread#6" [stack: 0x0000005f34700000,0x0000005f34800000] [id=13356]
  0x00000212ba4aaf20 GCTaskThread "GC Thread#7" [stack: 0x0000005f35200000,0x0000005f35300000] [id=8308]

Threads with active compile tasks:
C2 CompilerThread0     4427 2282       4       java.util.Properties::loadConvert (540 bytes)
C2 CompilerThread1     4427 1853       4       org.apache.felix.resolver.ResolverImpl::mergeUses (495 bytes)

VM state: not at safepoint (normal execution)

VM Mutex/Monitor currently owned by a thread: None

Heap address: 0x00000000c0000000, size: 1024 MB, Compressed Oops mode: 32-bit

CDS archive(s) not mapped
Compressed class space mapped at: 0x0000000100000000-0x0000000140000000, reserved size: 1073741824
Narrow klass base: 0x0000000000000000, Narrow klass shift: 3, Narrow klass range: 0x140000000

GC Precious Log:
 CPUs: 8 total, 8 available
 Memory: 8039M
 Large Page Support: Disabled
 NUMA Support: Disabled
 Compressed Oops: Enabled (32-bit)
 Alignments: Space 512K, Generation 512K, Heap 2M
 Heap Min Capacity: 100M
 Heap Initial Capacity: 100M
 Heap Max Capacity: 1G
 Pre-touch: Disabled
 Parallel Workers: 8

Heap:
 PSYoungGen      total 29696K, used 14079K [0x00000000eab00000, 0x00000000ecc00000, 0x0000000100000000)
  eden space 25600K, 39% used [0x00000000eab00000,0x00000000eb4c37b0,0x00000000ec400000)
  from space 4096K, 99% used [0x00000000ec400000,0x00000000ec7fc628,0x00000000ec800000)
  to   space 4096K, 0% used [0x00000000ec800000,0x00000000ec800000,0x00000000ecc00000)
 ParOldGen       total 68608K, used 2968K [0x00000000c0000000, 0x00000000c4300000, 0x00000000eab00000)
  object space 68608K, 4% used [0x00000000c0000000,0x00000000c02e60d0,0x00000000c4300000)
 Metaspace       used 17848K, committed 18176K, reserved 1114112K
  class space    used 1812K, committed 1984K, reserved 1048576K

Card table byte_map: [0x00000212b2770000,0x00000212b2980000] _byte_map_base: 0x00000212b2170000

Marking Bits: (ParMarkBitMap*) 0x00007ffcaac0d7d0
 Begin Bits: [0x00000212b2ae0000, 0x00000212b3ae0000)
 End Bits:   [0x00000212b3ae0000, 0x00000212b4ae0000)

Polling page: 0x000002129ef90000

Metaspace:

Usage:
  Non-class:     15.66 MB used.
      Class:      1.77 MB used.
       Both:     17.43 MB used.

Virtual space:
  Non-class space:       64.00 MB reserved,      15.81 MB ( 25%) committed,  1 nodes.
      Class space:        1.00 GB reserved,       1.94 MB ( <1%) committed,  1 nodes.
             Both:        1.06 GB reserved,      17.75 MB (  2%) committed. 

Chunk freelists:
   Non-Class:  35.00 KB
       Class:  14.05 MB
        Both:  14.08 MB

MaxMetaspaceSize: unlimited
CompressedClassSpaceSize: 1.00 GB
Initial GC threshold: 21.00 MB
Current GC threshold: 21.00 MB
CDS: off
MetaspaceReclaimPolicy: balanced
 - commit_granule_bytes: 65536.
 - commit_granule_words: 8192.
 - virtual_space_node_default_size: 8388608.
 - enlarge_chunks_in_place: 1.
 - new_chunks_are_fully_committed: 0.
 - uncommit_free_chunks: 1.
 - use_allocation_guard: 0.
 - handle_deallocations: 1.


Internal statistics:

num_allocs_failed_limit: 0.
num_arena_births: 116.
num_arena_deaths: 0.
num_vsnodes_births: 2.
num_vsnodes_deaths: 0.
num_space_committed: 284.
num_space_uncommitted: 0.
num_chunks_returned_to_freelist: 0.
num_chunks_taken_from_freelist: 422.
num_chunk_merges: 0.
num_chunk_splits: 279.
num_chunks_enlarged: 211.
num_inconsistent_stats: 0.

CodeHeap 'non-profiled nmethods': size=120000Kb used=940Kb max_used=940Kb free=119060Kb
 bounds [0x00000212ab060000, 0x00000212ab2d0000, 0x00000212b2590000]
CodeHeap 'profiled nmethods': size=120000Kb used=4589Kb max_used=4589Kb free=115411Kb
 bounds [0x00000212a3590000, 0x00000212a3a10000, 0x00000212aaac0000]
CodeHeap 'non-nmethods': size=5760Kb used=1177Kb max_used=1191Kb free=4583Kb
 bounds [0x00000212aaac0000, 0x00000212aad30000, 0x00000212ab060000]
 total_blobs=2792 nmethods=2322 adapters=384
 compilation: enabled
              stopped_count=0, restarted_count=0
 full_count=0

Compilation events (20 events):
Event: 3.847 Thread 0x00000212ba1e43e0 nmethod 2301 0x00000212a39f3a90 code [0x00000212a39f3c40, 0x00000212a39f3f08]
Event: 3.847 Thread 0x00000212ba1e43e0 2302       3       com.sun.org.apache.xerces.internal.util.XMLStringBuffer::clear (11 bytes)
Event: 3.847 Thread 0x00000212ba1e43e0 nmethod 2302 0x00000212a39f4090 code [0x00000212a39f4220, 0x00000212a39f4338]
Event: 3.847 Thread 0x00000212ba1e43e0 2306       3       com.sun.org.apache.xerces.internal.util.AugmentationsImpl$SmallContainer::clear (41 bytes)
Event: 3.847 Thread 0x00000212ba1e43e0 nmethod 2306 0x00000212a39f4410 code [0x00000212a39f45e0, 0x00000212a39f4a58]
Event: 3.847 Thread 0x00000212ba1e43e0 2303       3       com.sun.org.apache.xerces.internal.xni.XMLString::toString (32 bytes)
Event: 3.847 Thread 0x00000212ba1e43e0 nmethod 2303 0x00000212a39f4c10 code [0x00000212a39f4dc0, 0x00000212a39f4fe8]
Event: 3.847 Thread 0x00000212ba1e43e0 2296       3       com.sun.org.apache.xerces.internal.impl.XMLDocumentFragmentScannerImpl::setFeature (43 bytes)
Event: 3.848 Thread 0x00000212ba1e43e0 nmethod 2296 0x00000212a39f5090 code [0x00000212a39f52c0, 0x00000212a39f5988]
Event: 3.848 Thread 0x00000212ba1e43e0 2290  s    3       java.util.Vector::removeElementAt (115 bytes)
Event: 3.849 Thread 0x00000212ba1e43e0 nmethod 2290 0x00000212a39f5c90 code [0x00000212a39f5f20, 0x00000212a39f6a88]
Event: 3.849 Thread 0x00000212ba1e43e0 2308       3       com.sun.org.apache.xerces.internal.xni.XMLString::append (110 bytes)
Event: 3.849 Thread 0x00000212ba1e43e0 nmethod 2308 0x00000212a39f6e90 code [0x00000212a39f7060, 0x00000212a39f74d8]
Event: 3.849 Thread 0x00000212ba1e43e0 2305       3       com.sun.org.apache.xerces.internal.util.AugmentationsImpl::removeAllItems (8 bytes)
Event: 3.849 Thread 0x00000212ba1e43e0 nmethod 2305 0x00000212a39f7610 code [0x00000212a39f77c0, 0x00000212a39f7908]
Event: 3.849 Thread 0x00000212ba1e43e0 2309       3       com.sun.org.apache.xerces.internal.util.NamespaceSupport::getDeclaredPrefixCount (17 bytes)
Event: 3.849 Thread 0x00000212ba1e43e0 nmethod 2309 0x00000212a39f7a10 code [0x00000212a39f7ba0, 0x00000212a39f7cf8]
Event: 3.849 Thread 0x00000212ba1e43e0 2310       3       com.sun.org.apache.xerces.internal.util.XMLAttributesImpl::getValue (69 bytes)
Event: 3.850 Thread 0x00000212ba1e43e0 nmethod 2310 0x00000212a39f7e10 code [0x00000212a39f7fe0, 0x00000212a39f8368]
Event: 3.850 Thread 0x00000212ba1e43e0 2311       3       com.sun.org.apache.xerces.internal.impl.XMLNSDocumentScannerImpl::scanAttribute (839 bytes)

GC Heap History (6 events):
Event: 1.911 GC heap before
{Heap before GC invocations=1 (full 0):
 PSYoungGen      total 29696K, used 25600K [0x00000000eab00000, 0x00000000ecc00000, 0x0000000100000000)
  eden space 25600K, 100% used [0x00000000eab00000,0x00000000ec400000,0x00000000ec400000)
  from space 4096K, 0% used [0x00000000ec800000,0x00000000ec800000,0x00000000ecc00000)
  to   space 4096K, 0% used [0x00000000ec400000,0x00000000ec400000,0x00000000ec800000)
 ParOldGen       total 68608K, used 0K [0x00000000c0000000, 0x00000000c4300000, 0x00000000eab00000)
  object space 68608K, 0% used [0x00000000c0000000,0x00000000c0000000,0x00000000c4300000)
 Metaspace       used 11020K, committed 11200K, reserved 1114112K
  class space    used 1096K, committed 1216K, reserved 1048576K
}
Event: 1.919 GC heap after
{Heap after GC invocations=1 (full 0):
 PSYoungGen      total 29696K, used 3172K [0x00000000eab00000, 0x00000000ecc00000, 0x0000000100000000)
  eden space 25600K, 0% used [0x00000000eab00000,0x00000000eab00000,0x00000000ec400000)
  from space 4096K, 77% used [0x00000000ec400000,0x00000000ec719140,0x00000000ec800000)
  to   space 4096K, 0% used [0x00000000ec800000,0x00000000ec800000,0x00000000ecc00000)
 ParOldGen       total 68608K, used 16K [0x00000000c0000000, 0x00000000c4300000, 0x00000000eab00000)
  object space 68608K, 0% used [0x00000000c0000000,0x00000000c0004000,0x00000000c4300000)
 Metaspace       used 11020K, committed 11200K, reserved 1114112K
  class space    used 1096K, committed 1216K, reserved 1048576K
}
Event: 2.825 GC heap before
{Heap before GC invocations=2 (full 0):
 PSYoungGen      total 29696K, used 28772K [0x00000000eab00000, 0x00000000ecc00000, 0x0000000100000000)
  eden space 25600K, 100% used [0x00000000eab00000,0x00000000ec400000,0x00000000ec400000)
  from space 4096K, 77% used [0x00000000ec400000,0x00000000ec719140,0x00000000ec800000)
  to   space 4096K, 0% used [0x00000000ec800000,0x00000000ec800000,0x00000000ecc00000)
 ParOldGen       total 68608K, used 16K [0x00000000c0000000, 0x00000000c4300000, 0x00000000eab00000)
  object space 68608K, 0% used [0x00000000c0000000,0x00000000c0004000,0x00000000c4300000)
 Metaspace       used 14110K, committed 14272K, reserved 1114112K
  class space    used 1405K, committed 1472K, reserved 1048576K
}
Event: 2.830 GC heap after
{Heap after GC invocations=2 (full 0):
 PSYoungGen      total 29696K, used 4074K [0x00000000eab00000, 0x00000000ecc00000, 0x0000000100000000)
  eden space 25600K, 0% used [0x00000000eab00000,0x00000000eab00000,0x00000000ec400000)
  from space 4096K, 99% used [0x00000000ec800000,0x00000000ecbfa960,0x00000000ecc00000)
  to   space 4096K, 0% used [0x00000000ec400000,0x00000000ec400000,0x00000000ec800000)
 ParOldGen       total 68608K, used 760K [0x00000000c0000000, 0x00000000c4300000, 0x00000000eab00000)
  object space 68608K, 1% used [0x00000000c0000000,0x00000000c00be360,0x00000000c4300000)
 Metaspace       used 14110K, committed 14272K, reserved 1114112K
  class space    used 1405K, committed 1472K, reserved 1048576K
}
Event: 3.448 GC heap before
{Heap before GC invocations=3 (full 0):
 PSYoungGen      total 29696K, used 29674K [0x00000000eab00000, 0x00000000ecc00000, 0x0000000100000000)
  eden space 25600K, 100% used [0x00000000eab00000,0x00000000ec400000,0x00000000ec400000)
  from space 4096K, 99% used [0x00000000ec800000,0x00000000ecbfa960,0x00000000ecc00000)
  to   space 4096K, 0% used [0x00000000ec400000,0x00000000ec400000,0x00000000ec800000)
 ParOldGen       total 68608K, used 760K [0x00000000c0000000, 0x00000000c4300000, 0x00000000eab00000)
  object space 68608K, 1% used [0x00000000c0000000,0x00000000c00be360,0x00000000c4300000)
 Metaspace       used 16319K, committed 16576K, reserved 1114112K
  class space    used 1659K, committed 1792K, reserved 1048576K
}
Event: 3.453 GC heap after
{Heap after GC invocations=3 (full 0):
 PSYoungGen      total 29696K, used 4081K [0x00000000eab00000, 0x00000000ecc00000, 0x0000000100000000)
  eden space 25600K, 0% used [0x00000000eab00000,0x00000000eab00000,0x00000000ec400000)
  from space 4096K, 99% used [0x00000000ec400000,0x00000000ec7fc628,0x00000000ec800000)
  to   space 4096K, 0% used [0x00000000ec800000,0x00000000ec800000,0x00000000ecc00000)
 ParOldGen       total 68608K, used 2968K [0x00000000c0000000, 0x00000000c4300000, 0x00000000eab00000)
  object space 68608K, 4% used [0x00000000c0000000,0x00000000c02e60d0,0x00000000c4300000)
 Metaspace       used 16319K, committed 16576K, reserved 1114112K
  class space    used 1659K, committed 1792K, reserved 1048576K
}

Dll operation events (9 events):
Event: 0.013 Loaded shared library c:\Users\Rashi\.vscode\extensions\redhat.java-1.28.1-win32-x64\jre\17.0.10-win32-x86_64\bin\java.dll
Event: 0.452 Loaded shared library c:\Users\Rashi\.vscode\extensions\redhat.java-1.28.1-win32-x64\jre\17.0.10-win32-x86_64\bin\zip.dll
Event: 0.462 Loaded shared library C:\Users\Rashi\.vscode\extensions\redhat.java-1.28.1-win32-x64\jre\17.0.10-win32-x86_64\bin\instrument.dll
Event: 0.499 Loaded shared library C:\Users\Rashi\.vscode\extensions\redhat.java-1.28.1-win32-x64\jre\17.0.10-win32-x86_64\bin\net.dll
Event: 0.504 Loaded shared library C:\Users\Rashi\.vscode\extensions\redhat.java-1.28.1-win32-x64\jre\17.0.10-win32-x86_64\bin\nio.dll
Event: 0.540 Loaded shared library C:\Users\Rashi\.vscode\extensions\redhat.java-1.28.1-win32-x64\jre\17.0.10-win32-x86_64\bin\zip.dll
Event: 0.583 Loaded shared library C:\Users\Rashi\.vscode\extensions\redhat.java-1.28.1-win32-x64\jre\17.0.10-win32-x86_64\bin\jimage.dll
Event: 0.720 Loaded shared library c:\Users\Rashi\.vscode\extensions\redhat.java-1.28.1-win32-x64\jre\17.0.10-win32-x86_64\bin\verify.dll
Event: 3.024 Loaded shared library C:\Users\Rashi\AppData\Roaming\Code\User\globalStorage\redhat.java\1.28.1\config_ss_win\org.eclipse.equinox.launcher\org.eclipse.equinox.launcher.win32.win32.x86_64_1.2.900.v20240129-1338\eclipse_11900.dll

Deoptimization events (20 events):
Event: 3.084 Thread 0x00000212bb1dc4c0 Uncommon trap: trap_request=0xffffff45 fr.pc=0x00000212ab115d04 relative=0x0000000000000ce4
Event: 3.084 Thread 0x00000212bb1dc4c0 Uncommon trap: reason=unstable_if action=reinterpret pc=0x00000212ab115d04 method=java.util.concurrent.ConcurrentHashMap.addCount(JI)V @ 259 c2
Event: 3.084 Thread 0x00000212bb1dc4c0 DEOPT PACKING pc=0x00000212ab115d04 sp=0x0000005f348fec40
Event: 3.084 Thread 0x00000212bb1dc4c0 DEOPT UNPACKING pc=0x00000212aab166a3 sp=0x0000005f348feb00 mode 2
Event: 3.244 Thread 0x00000212bb1de830 Uncommon trap: trap_request=0xffffff6e fr.pc=0x00000212ab0bff4c relative=0x00000000000003ac
Event: 3.244 Thread 0x00000212bb1de830 Uncommon trap: reason=loop_limit_check action=maybe_recompile pc=0x00000212ab0bff4c method=java.lang.StringLatin1.indexOf([BI[BII)I @ 37 c2
Event: 3.244 Thread 0x00000212bb1de830 DEOPT PACKING pc=0x00000212ab0bff4c sp=0x0000005f350f8be0
Event: 3.244 Thread 0x00000212bb1de830 DEOPT UNPACKING pc=0x00000212aab166a3 sp=0x0000005f350f8b40 mode 2
Event: 3.380 Thread 0x00000212bb1de830 Uncommon trap: trap_request=0xffffffcc fr.pc=0x00000212ab136ae4 relative=0x0000000000000344
Event: 3.380 Thread 0x00000212bb1de830 Uncommon trap: reason=intrinsic_or_type_checked_inlining action=make_not_entrant pc=0x00000212ab136ae4 method=java.util.Arrays.copyOf([Ljava/lang/Object;ILjava/lang/Class;)[Ljava/lang/Object; @ 35 c2
Event: 3.380 Thread 0x00000212bb1de830 DEOPT PACKING pc=0x00000212ab136ae4 sp=0x0000005f350fcc80
Event: 3.380 Thread 0x00000212bb1de830 DEOPT UNPACKING pc=0x00000212aab166a3 sp=0x0000005f350fcc10 mode 2
Event: 3.533 Thread 0x00000212bb1de830 Uncommon trap: trap_request=0xffffff45 fr.pc=0x00000212ab09be38 relative=0x00000000000001f8
Event: 3.533 Thread 0x00000212bb1de830 Uncommon trap: reason=unstable_if action=reinterpret pc=0x00000212ab09be38 method=java.lang.invoke.VarHandle.checkExactAccessMode(Ljava/lang/invoke/VarHandle$AccessDescriptor;)V @ 4 c2
Event: 3.533 Thread 0x00000212bb1de830 DEOPT PACKING pc=0x00000212ab09be38 sp=0x0000005f350fd570
Event: 3.533 Thread 0x00000212bb1de830 DEOPT UNPACKING pc=0x00000212aab166a3 sp=0x0000005f350fd4c0 mode 2
Event: 3.557 Thread 0x00000212bb1de830 Uncommon trap: trap_request=0xffffff45 fr.pc=0x00000212ab0eccb4 relative=0x00000000000011f4
Event: 3.557 Thread 0x00000212bb1de830 Uncommon trap: reason=unstable_if action=reinterpret pc=0x00000212ab0eccb4 method=java.io.WinNTFileSystem.normalize(Ljava/lang/String;II)Ljava/lang/String; @ 100 c2
Event: 3.557 Thread 0x00000212bb1de830 DEOPT PACKING pc=0x00000212ab0eccb4 sp=0x0000005f350f8f20
Event: 3.557 Thread 0x00000212bb1de830 DEOPT UNPACKING pc=0x00000212aab166a3 sp=0x0000005f350f8e60 mode 2

Classes unloaded (0 events):
No events

Classes redefined (0 events):
No events

Internal exceptions (20 events):
Event: 1.751 Thread 0x000002129f131ec0 Exception <a 'java/lang/ClassNotFoundException'{0x00000000ec0a3eb8}: sun/net/www/protocol/c/Handler> (0x00000000ec0a3eb8) 
thrown [s\src\hotspot\share\classfile\systemDictionary.cpp, line 256]
Event: 1.751 Thread 0x000002129f131ec0 Exception <a 'java/lang/ClassNotFoundException'{0x00000000ec0a5010}: sun/net/www/protocol/c/Handler> (0x00000000ec0a5010) 
thrown [s\src\hotspot\share\classfile\systemDictionary.cpp, line 256]
Event: 1.765 Thread 0x000002129f131ec0 Exception <a 'java/io/FileNotFoundException'{0x00000000ec0c81e0}> (0x00000000ec0c81e0) 
thrown [s\src\hotspot\share\prims\jni.cpp, line 516]
Event: 1.819 Thread 0x000002129f131ec0 Implicit null exception at 0x00000212ab0b5a00 to 0x00000212ab0b63dc
Event: 1.819 Thread 0x000002129f131ec0 Implicit null exception at 0x00000212ab0ac1ec to 0x00000212ab0ac3d8
Event: 1.819 Thread 0x000002129f131ec0 Implicit null exception at 0x00000212ab0abb6c to 0x00000212ab0abd54
Event: 1.820 Thread 0x000002129f131ec0 Implicit null exception at 0x00000212ab0a410f to 0x00000212ab0a4189
Event: 1.889 Thread 0x000002129f131ec0 Exception <a 'java/lang/NoSuchMethodError'{0x00000000ec39a938}: 'int java.lang.invoke.DirectMethodHandle$Holder.invokeStaticInit(java.lang.Object, java.lang.Object, java.lang.Object, java.lang.Object)'> (0x00000000ec39a938) 
thrown [s\src\hotspot\share\interpreter\linkResolver.cpp, line 759]
Event: 1.892 Thread 0x000002129f131ec0 Exception <a 'java/lang/NoSuchMethodError'{0x00000000ec3a4fa8}: 'java.lang.Object java.lang.invoke.DirectMethodHandle$Holder.invokeInterface(java.lang.Object, java.lang.Object)'> (0x00000000ec3a4fa8) 
thrown [s\src\hotspot\share\interpreter\linkResolver.cpp, line 759]
Event: 1.892 Thread 0x000002129f131ec0 Exception <a 'java/lang/IncompatibleClassChangeError'{0x00000000ec3a87a0}: Found class java.lang.Object, but interface was expected> (0x00000000ec3a87a0) 
thrown [s\src\hotspot\share\interpreter\linkResolver.cpp, line 826]
Event: 1.893 Thread 0x000002129f131ec0 Exception <a 'java/lang/NoSuchMethodError'{0x00000000ec3acc90}: 'void java.lang.invoke.DirectMethodHandle$Holder.invokeStatic(java.lang.Object, java.lang.Object)'> (0x00000000ec3acc90) 
thrown [s\src\hotspot\share\interpreter\linkResolver.cpp, line 759]
Event: 1.894 Thread 0x000002129f131ec0 Exception <a 'java/lang/NoSuchMethodError'{0x00000000ec3b0490}: 'void java.lang.invoke.DirectMethodHandle$Holder.invokeStaticInit(java.lang.Object, java.lang.Object)'> (0x00000000ec3b0490) 
thrown [s\src\hotspot\share\interpreter\linkResolver.cpp, line 759]
Event: 1.896 Thread 0x000002129f131ec0 Exception <a 'java/lang/NoSuchMethodError'{0x00000000ec3b7a20}: 'int java.lang.invoke.DirectMethodHandle$Holder.invokeStaticInit(java.lang.Object, java.lang.Object)'> (0x00000000ec3b7a20) 
thrown [s\src\hotspot\share\interpreter\linkResolver.cpp, line 759]
Event: 2.336 Thread 0x000002129f131ec0 Exception <a 'java/lang/NoSuchMethodError'{0x00000000eb60be38}: 'int java.lang.invoke.DirectMethodHandle$Holder.invokeSpecial(java.lang.Object, java.lang.Object, java.lang.Object)'> (0x00000000eb60be38) 
thrown [s\src\hotspot\share\interpreter\linkResolver.cpp, line 759]
Event: 2.485 Thread 0x000002129f131ec0 Exception <a 'java/lang/NoSuchMethodError'{0x00000000ebbfd750}: 'java.lang.Object java.lang.invoke.DirectMethodHandle$Holder.newInvokeSpecial(java.lang.Object, int, java.lang.Object)'> (0x00000000ebbfd750) 
thrown [s\src\hotspot\share\interpreter\linkResolver.cpp, line 759]
Event: 3.008 Thread 0x000002129f131ec0 Exception <a 'java/lang/UnsatisfiedLinkError'{0x00000000eb336d48}: 'void org.eclipse.equinox.launcher.JNIBridge._update_splash()'> (0x00000000eb336d48) 
thrown [s\src\hotspot\share\prims\nativeLookup.cpp, line 543]
Event: 3.021 Thread 0x00000212bb1db080 Exception <a 'java/lang/NoSuchMethodError'{0x00000000eb382df0}: 'java.lang.Object java.lang.invoke.Invokers$Holder.invokeExact_MT(java.lang.Object, java.lang.Object, java.lang.Object, java.lang.Object, java.lang.Object, java.lang.Object)'> (0x00000000eb382df0) 
thrown [s\src\hotspot\share\interpreter\linkResolver.cpp, line 759]
Event: 3.287 Thread 0x00000212bb1de830 Exception <a 'java/lang/NoSuchMethodError'{0x00000000ebf83bc8}: 'java.lang.Object java.lang.invoke.DirectMethodHandle$Holder.invokeStaticInit(java.lang.Object)'> (0x00000000ebf83bc8) 
thrown [s\src\hotspot\share\interpreter\linkResolver.cpp, line 759]
Event: 3.336 Thread 0x00000212bb1de830 Exception <a 'java/lang/NullPointerException'{0x00000000ec0a3d20}> (0x00000000ec0a3d20) 
thrown [s\src\hotspot\share\interpreter\linkResolver.cpp, line 1350]
Event: 3.336 Thread 0x00000212bb1de830 Exception <a 'java/lang/NullPointerException'{0x00000000ec0a3ff8}> (0x00000000ec0a3ff8) 
thrown [s\src\hotspot\share\interpreter\linkResolver.cpp, line 1350]

VM Operations (20 events):
Event: 1.725 Executing VM operation: HandshakeAllThreads
Event: 1.725 Executing VM operation: HandshakeAllThreads done
Event: 1.911 Executing VM operation: ParallelGCFailedAllocation
Event: 1.919 Executing VM operation: ParallelGCFailedAllocation done
Event: 2.440 Executing VM operation: HandshakeAllThreads
Event: 2.440 Executing VM operation: HandshakeAllThreads done
Event: 2.441 Executing VM operation: HandshakeAllThreads
Event: 2.441 Executing VM operation: HandshakeAllThreads done
Event: 2.824 Executing VM operation: ParallelGCFailedAllocation
Event: 2.832 Executing VM operation: ParallelGCFailedAllocation done
Event: 3.016 Executing VM operation: HandshakeAllThreads
Event: 3.016 Executing VM operation: HandshakeAllThreads done
Event: 3.077 Executing VM operation: HandshakeAllThreads
Event: 3.077 Executing VM operation: HandshakeAllThreads done
Event: 3.169 Executing VM operation: HandshakeAllThreads
Event: 3.169 Executing VM operation: HandshakeAllThreads done
Event: 3.306 Executing VM operation: ICBufferFull
Event: 3.306 Executing VM operation: ICBufferFull done
Event: 3.447 Executing VM operation: ParallelGCFailedAllocation
Event: 3.453 Executing VM operation: ParallelGCFailedAllocation done

Events (20 events):
Event: 3.744 loading class java/util/ResourceBundle done
Event: 3.744 loading class java/util/PropertyResourceBundle done
Event: 3.744 loading class java/util/ResourceBundle$1
Event: 3.745 loading class jdk/internal/access/JavaUtilResourceBundleAccess
Event: 3.745 loading class jdk/internal/access/JavaUtilResourceBundleAccess done
Event: 3.745 loading class java/util/ResourceBundle$1 done
Event: 3.745 loading class java/util/ResourceBundle$2
Event: 3.746 loading class java/util/ResourceBundle$2 done
Event: 3.746 loading class sun/util/PropertyResourceBundleCharset
Event: 3.746 loading class sun/util/PropertyResourceBundleCharset done
Event: 3.746 loading class sun/util/PropertyResourceBundleCharset$PropertiesFileDecoder
Event: 3.746 loading class sun/util/PropertyResourceBundleCharset$PropertiesFileDecoder done
Event: 3.751 loading class jdk/internal/reflect/UnsafeStaticObjectFieldAccessorImpl
Event: 3.751 loading class jdk/internal/reflect/UnsafeStaticObjectFieldAccessorImpl done
Event: 3.753 loading class java/lang/IllegalCallerException
Event: 3.753 loading class java/lang/IllegalCallerException done
Event: 3.756 loading class java/lang/StackWalker$Option
Event: 3.756 loading class java/lang/StackWalker$Option done
Event: 3.758 loading class org/xml/sax/SAXParseException
Event: 3.758 loading class org/xml/sax/SAXParseException done


Dynamic libraries:
0x00007ff66abd0000 - 0x00007ff66abde000 	c:\Users\Rashi\.vscode\extensions\redhat.java-1.28.1-win32-x64\jre\17.0.10-win32-x86_64\bin\java.exe
0x00007ffced3d0000 - 0x00007ffced5c8000 	C:\WINDOWS\SYSTEM32\ntdll.dll
0x00007ffceb980000 - 0x00007ffceba3d000 	C:\WINDOWS\System32\KERNEL32.DLL
0x00007ffceae90000 - 0x00007ffceb186000 	C:\WINDOWS\System32\KERNELBASE.dll
0x00007ffce7fb0000 - 0x00007ffce8040000 	C:\WINDOWS\SYSTEM32\apphelp.dll
0x00007ffcead40000 - 0x00007ffceae40000 	C:\WINDOWS\System32\ucrtbase.dll
0x00007ffccc670000 - 0x00007ffccc687000 	c:\Users\Rashi\.vscode\extensions\redhat.java-1.28.1-win32-x64\jre\17.0.10-win32-x86_64\bin\jli.dll
0x00007ffceb750000 - 0x00007ffceb8ee000 	C:\WINDOWS\System32\USER32.dll
0x00007ffceaa80000 - 0x00007ffceaaa2000 	C:\WINDOWS\System32\win32u.dll
0x00007ffceced0000 - 0x00007ffcecefb000 	C:\WINDOWS\System32\GDI32.dll
0x00007ffceb2e0000 - 0x00007ffceb3f7000 	C:\WINDOWS\System32\gdi32full.dll
0x00007ffceb240000 - 0x00007ffceb2dd000 	C:\WINDOWS\System32\msvcp_win.dll
0x00007ffccc7f0000 - 0x00007ffccc80b000 	c:\Users\Rashi\.vscode\extensions\redhat.java-1.28.1-win32-x64\jre\17.0.10-win32-x86_64\bin\VCRUNTIME140.dll
0x00007ffcd1e20000 - 0x00007ffcd20ba000 	C:\WINDOWS\WinSxS\amd64_microsoft.windows.common-controls_6595b64144ccf1df_6.0.19041.3636_none_60b6a03d71f818d5\COMCTL32.dll
0x00007ffceb6b0000 - 0x00007ffceb74e000 	C:\WINDOWS\System32\msvcrt.dll
0x00007ffcebdb0000 - 0x00007ffcebde2000 	C:\WINDOWS\System32\IMM32.DLL
0x00007ffcdf8a0000 - 0x00007ffcdf8ac000 	c:\Users\Rashi\.vscode\extensions\redhat.java-1.28.1-win32-x64\jre\17.0.10-win32-x86_64\bin\vcruntime140_1.dll
0x00007ffcab8a0000 - 0x00007ffcab92d000 	c:\Users\Rashi\.vscode\extensions\redhat.java-1.28.1-win32-x64\jre\17.0.10-win32-x86_64\bin\msvcp140.dll
0x00007ffcaa070000 - 0x00007ffcaacd2000 	c:\Users\Rashi\.vscode\extensions\redhat.java-1.28.1-win32-x64\jre\17.0.10-win32-x86_64\bin\server\jvm.dll
0x00007ffcec370000 - 0x00007ffcec420000 	C:\WINDOWS\System32\ADVAPI32.dll
0x00007ffcebe60000 - 0x00007ffcebf00000 	C:\WINDOWS\System32\sechost.dll
0x00007ffceb580000 - 0x00007ffceb6a5000 	C:\WINDOWS\System32\RPCRT4.dll
0x00007ffceab40000 - 0x00007ffceab67000 	C:\WINDOWS\System32\bcrypt.dll
0x00007ffcea8e0000 - 0x00007ffcea92b000 	C:\WINDOWS\SYSTEM32\POWRPROF.dll
0x00007ffcd1060000 - 0x00007ffcd1069000 	C:\WINDOWS\SYSTEM32\WSOCK32.dll
0x00007ffceba40000 - 0x00007ffcebaab000 	C:\WINDOWS\System32\WS2_32.dll
0x00007ffcd8e70000 - 0x00007ffcd8e97000 	C:\WINDOWS\SYSTEM32\WINMM.dll
0x00007ffce0970000 - 0x00007ffce097a000 	C:\WINDOWS\SYSTEM32\VERSION.dll
0x00007ffcea8c0000 - 0x00007ffcea8d2000 	C:\WINDOWS\SYSTEM32\UMPDC.dll
0x00007ffce8940000 - 0x00007ffce8952000 	C:\WINDOWS\SYSTEM32\kernel.appcore.dll
0x00007ffcdf810000 - 0x00007ffcdf81a000 	c:\Users\Rashi\.vscode\extensions\redhat.java-1.28.1-win32-x64\jre\17.0.10-win32-x86_64\bin\jimage.dll
0x00007ffce8140000 - 0x00007ffce8324000 	C:\WINDOWS\SYSTEM32\DBGHELP.DLL
0x00007ffce0930000 - 0x00007ffce0964000 	C:\WINDOWS\SYSTEM32\dbgcore.DLL
0x00007ffceaab0000 - 0x00007ffceab32000 	C:\WINDOWS\System32\bcryptPrimitives.dll
0x00007ffcddcd0000 - 0x00007ffcddcde000 	c:\Users\Rashi\.vscode\extensions\redhat.java-1.28.1-win32-x64\jre\17.0.10-win32-x86_64\bin\instrument.dll
0x00007ffcaf6a0000 - 0x00007ffcaf6c5000 	c:\Users\Rashi\.vscode\extensions\redhat.java-1.28.1-win32-x64\jre\17.0.10-win32-x86_64\bin\java.dll
0x00007ffccc650000 - 0x00007ffccc668000 	c:\Users\Rashi\.vscode\extensions\redhat.java-1.28.1-win32-x64\jre\17.0.10-win32-x86_64\bin\zip.dll
0x00007ffcec480000 - 0x00007ffcecbeb000 	C:\WINDOWS\System32\SHELL32.dll
0x00007ffce8af0000 - 0x00007ffce928e000 	C:\WINDOWS\SYSTEM32\windows.storage.dll
0x00007ffced030000 - 0x00007ffced383000 	C:\WINDOWS\System32\combase.dll
0x00007ffcea300000 - 0x00007ffcea32e000 	C:\WINDOWS\SYSTEM32\Wldp.dll
0x00007ffcece00000 - 0x00007ffcececd000 	C:\WINDOWS\System32\OLEAUT32.dll
0x00007ffcebbd0000 - 0x00007ffcebc7d000 	C:\WINDOWS\System32\SHCORE.dll
0x00007ffcecda0000 - 0x00007ffcecdf5000 	C:\WINDOWS\System32\shlwapi.dll
0x00007ffcea9b0000 - 0x00007ffcea9d5000 	C:\WINDOWS\SYSTEM32\profapi.dll
0x00007ffccc630000 - 0x00007ffccc649000 	C:\Users\Rashi\.vscode\extensions\redhat.java-1.28.1-win32-x64\jre\17.0.10-win32-x86_64\bin\net.dll
0x00007ffce2f30000 - 0x00007ffce303a000 	C:\WINDOWS\SYSTEM32\WINHTTP.dll
0x00007ffcea0e0000 - 0x00007ffcea14a000 	C:\WINDOWS\system32\mswsock.dll
0x00007ffccc610000 - 0x00007ffccc626000 	C:\Users\Rashi\.vscode\extensions\redhat.java-1.28.1-win32-x64\jre\17.0.10-win32-x86_64\bin\nio.dll
0x00007ffcddc80000 - 0x00007ffcddc90000 	c:\Users\Rashi\.vscode\extensions\redhat.java-1.28.1-win32-x64\jre\17.0.10-win32-x86_64\bin\verify.dll
0x00007ffcd2340000 - 0x00007ffcd237e000 	C:\Users\Rashi\AppData\Roaming\Code\User\globalStorage\redhat.java\1.28.1\config_ss_win\org.eclipse.equinox.launcher\org.eclipse.equinox.launcher.win32.win32.x86_64_1.2.900.v20240129-1338\eclipse_11900.dll
0x00007ffcebc80000 - 0x00007ffcebdab000 	C:\WINDOWS\System32\ole32.dll

dbghelp: loaded successfully - version: 4.0.5 - missing functions: none
symbol engine: initialized successfully - sym options: 0x614 - pdb path: .;c:\Users\Rashi\.vscode\extensions\redhat.java-1.28.1-win32-x64\jre\17.0.10-win32-x86_64\bin;C:\WINDOWS\SYSTEM32;C:\WINDOWS\WinSxS\amd64_microsoft.windows.common-controls_6595b64144ccf1df_6.0.19041.3636_none_60b6a03d71f818d5;c:\Users\Rashi\.vscode\extensions\redhat.java-1.28.1-win32-x64\jre\17.0.10-win32-x86_64\bin\server;C:\Users\Rashi\AppData\Roaming\Code\User\globalStorage\redhat.java\1.28.1\config_ss_win\org.eclipse.equinox.launcher\org.eclipse.equinox.launcher.win32.win32.x86_64_1.2.900.v20240129-1338

VM Arguments:
jvm_args: --add-modules=ALL-SYSTEM --add-opens=java.base/java.util=ALL-UNNAMED --add-opens=java.base/java.lang=ALL-UNNAMED --add-opens=java.base/sun.nio.fs=ALL-UNNAMED -Declipse.application=org.eclipse.jdt.ls.core.id1 -Dosgi.bundles.defaultStartLevel=4 -Declipse.product=org.eclipse.jdt.ls.core.product -Djava.import.generatesMetadataFilesAtProjectRoot=false -DDetectVMInstallationsJob.disabled=true -Dfile.encoding=utf8 -XX:+UseParallelGC -XX:GCTimeRatio=4 -XX:AdaptiveSizePolicyWeight=90 -Dsun.zip.disableMemoryMapping=true -Xmx1G -Xms100m -Xlog:disable -javaagent:c:\Users\Rashi\.vscode\extensions\redhat.java-1.28.1-win32-x64\lombok\lombok-1.18.31.jar 
java_command: c:\Users\Rashi\.vscode\extensions\redhat.java-1.28.1-win32-x64\server\plugins\org.eclipse.equinox.launcher_1.6.700.v20231214-2017.jar -configuration c:\Users\Rashi\AppData\Roaming\Code\User\globalStorage\redhat.java\1.28.1\config_ss_win -data c:\Users\Rashi\AppData\Roaming\Code\User\workspaceStorage\c6eaf296e785e8220cfca6199db8f1a7\redhat.java\ss_ws --stdio
java_class_path (initial): c:\Users\Rashi\.vscode\extensions\redhat.java-1.28.1-win32-x64\server\plugins\org.eclipse.equinox.launcher_1.6.700.v20231214-2017.jar
Launcher Type: SUN_STANDARD

[Global flags]
    uintx AdaptiveSizePolicyWeight                 = 90                                        {product} {command line}
     intx CICompilerCount                          = 4                                         {product} {ergonomic}
    uintx GCTimeRatio                              = 4                                         {product} {command line}
   size_t InitialHeapSize                          = 104857600                                 {product} {command line}
   size_t MaxHeapSize                              = 1073741824                                {product} {command line}
   size_t MaxNewSize                               = 357564416                                 {product} {ergonomic}
   size_t MinHeapDeltaBytes                        = 524288                                    {product} {ergonomic}
   size_t MinHeapSize                              = 104857600                                 {product} {command line}
   size_t NewSize                                  = 34603008                                  {product} {ergonomic}
    uintx NonNMethodCodeHeapSize                   = 5839372                                {pd product} {ergonomic}
    uintx NonProfiledCodeHeapSize                  = 122909434                              {pd product} {ergonomic}
   size_t OldSize                                  = 70254592                                  {product} {ergonomic}
    uintx ProfiledCodeHeapSize                     = 122909434                              {pd product} {ergonomic}
    uintx ReservedCodeCacheSize                    = 251658240                              {pd product} {ergonomic}
     bool SegmentedCodeCache                       = true                                      {product} {ergonomic}
   size_t SoftMaxHeapSize                          = 1073741824                             {manageable} {ergonomic}
     bool UseCompressedClassPointers               = true                           {product lp64_product} {ergonomic}
     bool UseCompressedOops                        = true                           {product lp64_product} {ergonomic}
     bool UseLargePagesIndividualAllocation        = false                                  {pd product} {ergonomic}
     bool UseParallelGC                            = true                                      {product} {command line}

Logging:
Log output configuration:
 #0: stdout all=off uptime,level,tags
 #1: stderr all=off uptime,level,tags

Environment Variables:
JAVA_HOME=C:\Program Files\Java\jdk-11
PATH=C:\Program Files (x86)\Microsoft\Edge\Application;C:\Program Files\Common Files\Oracle\Java\javapath;C:\Program Files (x86)\Common Files\Oracle\Java\javapath;C:\Users\Rashi\AppData\Roaming\Microsoft\Windows\Start Menu\Programs\Python 3.12;C:\Program Files\Java\jdk-11\bin;C:\Program Files;C:\Users\Rashi\Downloads\selenium-java-4.18.1;C:\Users\Rashi\Downloads\selenium-java-4.18.1\lib;D:\chromedriver-win64;C:\Users\Rashi\AppData\Roaming\Microsoft\Windows\Start Menu\Programs\Python 3.12;C:\Program Files\Docker\Docker\resources\bin;D:\Ruby32-x64\bin;C:\Program Files\nodejs\node_modules\npm\bin;C:\Program Files\nodejs;C:\Program Files\Java\jdk-11\lib;C:\Program Files\Java\jdk-11\bin;C:\Program Files\Java\jdk-11\lib;C:\Program Files\nodejs\node_modules\npm\bin;C:\Users\Rashi\AppData\Local\Android\Sdk\platform-tools;C:\Users\Rashi\AppData\Local\Android\Sdk\build-tools;C:\Users\Rashi\AppData\Local\Android\Sdk\platforms;C:\Program Files\Git\cmd;C:\Ruby32-x64\bin;E:\Ruby32-x64\bin;C:\Users\Rashi\AppData\Roaming\npm
USERNAME=Rashi
OS=Windows_NT
PROCESSOR_IDENTIFIER=Intel64 Family 6 Model 142 Stepping 12, GenuineIntel
TMP=C:\Users\Rashi\AppData\Local\Temp
TEMP=C:\Users\Rashi\AppData\Local\Temp



Periodic native trim disabled


---------------  S Y S T E M  ---------------

OS:
 Windows 10 , 64 bit Build 19041 (10.0.19041.3636)
OS uptime: 0 days 1:52 hours
Hyper-V role detected

CPU: total 8 (initial active 8) (4 cores per cpu, 2 threads per core) family 6 model 142 stepping 12 microcode 0xf8, cx8, cmov, fxsr, ht, mmx, 3dnowpref, sse, sse2, sse3, ssse3, sse4.1, sse4.2, popcnt, lzcnt, tsc, tscinvbit, avx, avx2, aes, erms, clmul, bmi1, bmi2, adx, fma, vzeroupper, clflush, clflushopt, hv
Processor Information for all 8 processors :
  Max Mhz: 2112, Current Mhz: 1609, Mhz Limit: 1605

Memory: 4k page, system-wide physical 8039M (518M free)
TotalPageFile size 12677M (AvailPageFile size 274M)
current process WorkingSet (physical memory assigned to process): 120M, peak: 124M
current process commit charge ("private bytes"): 235M, peak: 238M

vm_info: OpenJDK 64-Bit Server VM (17.0.10+7) for windows-amd64 JRE (17.0.10+7), built on Jan 16 2024 23:25:11 by "admin" with MS VC++ 16.10 / 16.11 (VS2019)

END.
