#
# There is insufficient memory for the Java Runtime Environment to continue.
# Native memory allocation (malloc) failed to allocate 260336 bytes for Chunk::new
# Possible reasons:
#   The system is out of physical RAM or swap space
#   The process is running with CompressedOops enabled, and the Java Heap may be blocking the growth of the native heap
# Possible solutions:
#   Reduce memory load on the system
#   Increase physical memory or swap space
#   Check if swap backing store is full
#   Decrease Java heap size (-Xmx/-Xms)
#   Decrease number of Java threads
#   Decrease Java thread stack sizes (-Xss)
#   Set larger code cache with -XX:ReservedCodeCacheSize=
#   JVM is running with Unscaled Compressed Oops mode in which the Java heap is
#     placed in the first 4GB address space. The Java Heap base address is the
#     maximum limit for the native heap growth. Please use -XX:HeapBaseMinAddress
#     to set the Java Heap base and to place the Java Heap above 4GB virtual address.
# This output file may be truncated or incomplete.
#
#  Out of Memory Error (arena.cpp:191), pid=8176, tid=3732
#
# JRE version: OpenJDK Runtime Environment Temurin-17.0.10+7 (17.0.10+7) (build 17.0.10+7)
# Java VM: OpenJDK 64-Bit Server VM Temurin-17.0.10+7 (17.0.10+7, mixed mode, tiered, compressed oops, compressed class ptrs, parallel gc, windows-amd64)
# No core dump will be written. Minidumps are not enabled by default on client versions of Windows
#

---------------  S U M M A R Y ------------

Command Line: --add-modules=ALL-SYSTEM --add-opens=java.base/java.util=ALL-UNNAMED --add-opens=java.base/java.lang=ALL-UNNAMED --add-opens=java.base/sun.nio.fs=ALL-UNNAMED -Declipse.application=org.eclipse.jdt.ls.core.id1 -Dosgi.bundles.defaultStartLevel=4 -Declipse.product=org.eclipse.jdt.ls.core.product -Djava.import.generatesMetadataFilesAtProjectRoot=false -DDetectVMInstallationsJob.disabled=true -Dfile.encoding=utf8 -XX:+UseParallelGC -XX:GCTimeRatio=4 -XX:AdaptiveSizePolicyWeight=90 -Dsun.zip.disableMemoryMapping=true -Xmx1G -Xms100m -Xlog:disable -javaagent:c:\Users\Rashi\.vscode\extensions\redhat.java-1.28.1-win32-x64\lombok\lombok-1.18.31.jar -XX:+HeapDumpOnOutOfMemoryError -XX:HeapDumpPath=c:\Users\Rashi\AppData\Roaming\Code\User\workspaceStorage\c6eaf296e785e8220cfca6199db8f1a7\redhat.java -Daether.dependencyCollector.impl=bf c:\Users\Rashi\.vscode\extensions\redhat.java-1.28.1-win32-x64\server\plugins\org.eclipse.equinox.launcher_1.6.700.v20231214-2017.jar -configuration c:\Users\Rashi\AppData\Roaming\Code\User\globalStorage\redhat.java\1.28.1\config_win -data c:\Users\Rashi\AppData\Roaming\Code\User\workspaceStorage\c6eaf296e785e8220cfca6199db8f1a7\redhat.java\jdt_ws --stdio

Host: Intel(R) Core(TM) i5-10210U CPU @ 1.60GHz, 8 cores, 7G,  Windows 10 , 64 bit Build 19041 (10.0.19041.3636)
Time: Thu Mar 28 19:48:00 2024 India Standard Time elapsed time: 1.876543 seconds (0d 0h 0m 1s)

---------------  T H R E A D  ---------------

Current thread (0x000001927dd14b30):  JavaThread "C2 CompilerThread1" daemon [_thread_in_native, id=3732, stack(0x0000006fcb100000,0x0000006fcb200000)]


Current CompileTask:
C2:   1876 1115       4       jdk.internal.jimage.ImageLocation::verify (218 bytes)

Stack: [0x0000006fcb100000,0x0000006fcb200000]
Native frames: (J=compiled Java code, j=interpreted, Vv=VM code, C=native code)
V  [jvm.dll+0x67d2c9]
V  [jvm.dll+0x834afa]
V  [jvm.dll+0x8365be]
V  [jvm.dll+0x836c23]
V  [jvm.dll+0x2477ff]
V  [jvm.dll+0xac514]
V  [jvm.dll+0xacb5c]
V  [jvm.dll+0x2aed1f]
V  [jvm.dll+0x584b67]
V  [jvm.dll+0x2228a2]
V  [jvm.dll+0x222c8f]
V  [jvm.dll+0x21bdb6]
V  [jvm.dll+0x219201]
V  [jvm.dll+0x1a502d]
V  [jvm.dll+0x2290de]
V  [jvm.dll+0x2272ac]
V  [jvm.dll+0x7e9bb7]
V  [jvm.dll+0x7e3fba]
V  [jvm.dll+0x67c1b5]
C  [ucrtbase.dll+0x21bb2]
C  [KERNEL32.DLL+0x17344]
C  [ntdll.dll+0x526b1]


---------------  P R O C E S S  ---------------

Threads class SMR info:
_java_thread_list=0x000001927dce94f0, length=13, elements={
0x0000019277ad33c0, 0x000001927c952630, 0x000001927c9533c0, 0x000001927c95b230,
0x0000019277b569c0, 0x000001927d9e57d0, 0x000001927d9e71f0, 0x000001927d9ede10,
0x000001927da034a0, 0x000001927da0d9c0, 0x000001927dae2380, 0x000001927ec00d40,
0x000001927dd14b30
}

Java Threads: ( => current thread )
  0x0000019277ad33c0 JavaThread "main" [_thread_in_Java, id=8840, stack(0x0000006fca200000,0x0000006fca300000)]
  0x000001927c952630 JavaThread "Reference Handler" daemon [_thread_blocked, id=12016, stack(0x0000006fca500000,0x0000006fca600000)]
  0x000001927c9533c0 JavaThread "Finalizer" daemon [_thread_blocked, id=8824, stack(0x0000006fca600000,0x0000006fca700000)]
  0x000001927c95b230 JavaThread "Signal Dispatcher" daemon [_thread_blocked, id=11104, stack(0x0000006fca700000,0x0000006fca800000)]
  0x0000019277b569c0 JavaThread "Attach Listener" daemon [_thread_blocked, id=11912, stack(0x0000006fca800000,0x0000006fca900000)]
  0x000001927d9e57d0 JavaThread "Service Thread" daemon [_thread_blocked, id=8536, stack(0x0000006fca900000,0x0000006fcaa00000)]
  0x000001927d9e71f0 JavaThread "Monitor Deflation Thread" daemon [_thread_blocked, id=13692, stack(0x0000006fcaa00000,0x0000006fcab00000)]
  0x000001927d9ede10 JavaThread "C2 CompilerThread0" daemon [_thread_in_native, id=12764, stack(0x0000006fcab00000,0x0000006fcac00000)]
  0x000001927da034a0 JavaThread "C1 CompilerThread0" daemon [_thread_in_native, id=12832, stack(0x0000006fcac00000,0x0000006fcad00000)]
  0x000001927da0d9c0 JavaThread "Sweeper thread" daemon [_thread_blocked, id=12896, stack(0x0000006fcad00000,0x0000006fcae00000)]
  0x000001927dae2380 JavaThread "Common-Cleaner" daemon [_thread_blocked, id=12836, stack(0x0000006fcae00000,0x0000006fcaf00000)]
  0x000001927ec00d40 JavaThread "Notification Thread" daemon [_thread_blocked, id=3748, stack(0x0000006fcaf00000,0x0000006fcb000000)]
=>0x000001927dd14b30 JavaThread "C2 CompilerThread1" daemon [_thread_in_native, id=3732, stack(0x0000006fcb100000,0x0000006fcb200000)]

Other Threads:
  0x000001927d9b14b0 VMThread "VM Thread" [stack: 0x0000006fca400000,0x0000006fca500000] [id=1540]
  0x000001927dd6e930 WatcherThread [stack: 0x0000006fcb000000,0x0000006fcb100000] [id=3728]
  0x0000019277ae7fd0 GCTaskThread "GC Thread#0" [stack: 0x0000006fca300000,0x0000006fca400000] [id=11408]
  0x000001927ef67710 GCTaskThread "GC Thread#1" [stack: 0x0000006fcb200000,0x0000006fcb300000] [id=5924]
  0x000001927ef6c6b0 GCTaskThread "GC Thread#2" [stack: 0x0000006fcb300000,0x0000006fcb400000] [id=14284]
  0x000001927ef6c970 GCTaskThread "GC Thread#3" [stack: 0x0000006fcb400000,0x0000006fcb500000] [id=14692]
  0x000001927ef6cc30 GCTaskThread "GC Thread#4" [stack: 0x0000006fcb500000,0x0000006fcb600000] [id=3780]
  0x000001927ef6cef0 GCTaskThread "GC Thread#5" [stack: 0x0000006fcb600000,0x0000006fcb700000] [id=5204]
  0x000001927efe1ba0 GCTaskThread "GC Thread#6" [stack: 0x0000006fcb700000,0x0000006fcb800000] [id=12848]

Threads with active compile tasks:
C2 CompilerThread0     1917 1135       4       java.lang.AbstractStringBuilder::append (45 bytes)
C2 CompilerThread1     1917 1115       4       jdk.internal.jimage.ImageLocation::verify (218 bytes)

VM state: not at safepoint (normal execution)

VM Mutex/Monitor currently owned by a thread: None

Heap address: 0x00000000c0000000, size: 1024 MB, Compressed Oops mode: 32-bit

CDS archive(s) not mapped
Compressed class space mapped at: 0x0000000100000000-0x0000000140000000, reserved size: 1073741824
Narrow klass base: 0x0000000000000000, Narrow klass shift: 3, Narrow klass range: 0x140000000

GC Precious Log:
 CPUs: 8 total, 8 available
 Memory: 8039M
 Large Page Support: Disabled
 NUMA Support: Disabled
 Compressed Oops: Enabled (32-bit)
 Alignments: Space 512K, Generation 512K, Heap 2M
 Heap Min Capacity: 100M
 Heap Initial Capacity: 100M
 Heap Max Capacity: 1G
 Pre-touch: Disabled
 Parallel Workers: 8

Heap:
 PSYoungGen      total 29696K, used 11410K [0x00000000eab00000, 0x00000000ecc00000, 0x0000000100000000)
  eden space 25600K, 32% used [0x00000000eab00000,0x00000000eb30d270,0x00000000ec400000)
  from space 4096K, 77% used [0x00000000ec400000,0x00000000ec7175c8,0x00000000ec800000)
  to   space 4096K, 0% used [0x00000000ec800000,0x00000000ec800000,0x00000000ecc00000)
 ParOldGen       total 68608K, used 16K [0x00000000c0000000, 0x00000000c4300000, 0x00000000eab00000)
  object space 68608K, 0% used [0x00000000c0000000,0x00000000c0004000,0x00000000c4300000)
 Metaspace       used 12162K, committed 12352K, reserved 1114112K
  class space    used 1189K, committed 1280K, reserved 1048576K

Card table byte_map: [0x0000019277490000,0x00000192776a0000] _byte_map_base: 0x0000019276e90000

Marking Bits: (ParMarkBitMap*) 0x00007ffcaac0d7d0
 Begin Bits: [0x000001927a760000, 0x000001927b760000)
 End Bits:   [0x000001927b760000, 0x000001927c760000)

Polling page: 0x0000019277280000

Metaspace:

Usage:
  Non-class:     10.72 MB used.
      Class:      1.16 MB used.
       Both:     11.88 MB used.

Virtual space:
  Non-class space:       64.00 MB reserved,      10.81 MB ( 17%) committed,  1 nodes.
      Class space:        1.00 GB reserved,       1.25 MB ( <1%) committed,  1 nodes.
             Both:        1.06 GB reserved,      12.06 MB (  1%) committed. 

Chunk freelists:
   Non-Class:  4.38 MB
       Class:  14.61 MB
        Both:  18.98 MB

MaxMetaspaceSize: unlimited
CompressedClassSpaceSize: 1.00 GB
Initial GC threshold: 21.00 MB
Current GC threshold: 21.00 MB
CDS: off
MetaspaceReclaimPolicy: balanced
 - commit_granule_bytes: 65536.
 - commit_granule_words: 8192.
 - virtual_space_node_default_size: 8388608.
 - enlarge_chunks_in_place: 1.
 - new_chunks_are_fully_committed: 0.
 - uncommit_free_chunks: 1.
 - use_allocation_guard: 0.
 - handle_deallocations: 1.


Internal statistics:

num_allocs_failed_limit: 0.
num_arena_births: 30.
num_arena_deaths: 0.
num_vsnodes_births: 2.
num_vsnodes_deaths: 0.
num_space_committed: 193.
num_space_uncommitted: 0.
num_chunks_returned_to_freelist: 0.
num_chunks_taken_from_freelist: 137.
num_chunk_merges: 0.
num_chunk_splits: 95.
num_chunks_enlarged: 84.
num_inconsistent_stats: 0.

CodeHeap 'non-profiled nmethods': size=120000Kb used=488Kb max_used=488Kb free=119511Kb
 bounds [0x0000019207ad0000, 0x0000019207d40000, 0x000001920f000000]
CodeHeap 'profiled nmethods': size=120000Kb used=2001Kb max_used=2001Kb free=117998Kb
 bounds [0x0000019200000000, 0x0000019200270000, 0x0000019207530000]
CodeHeap 'non-nmethods': size=5760Kb used=1146Kb max_used=1172Kb free=4613Kb
 bounds [0x0000019207530000, 0x00000192077a0000, 0x0000019207ad0000]
 total_blobs=1572 nmethods=1134 adapters=353
 compilation: enabled
              stopped_count=0, restarted_count=0
 full_count=0

Compilation events (20 events):
Event: 1.846 Thread 0x000001927dd14b30 1115       4       jdk.internal.jimage.ImageLocation::verify (218 bytes)
Event: 1.854 Thread 0x000001927da034a0 1118       3       org.lombokweb.asm.ClassReader::readUtf (44 bytes)
Event: 1.854 Thread 0x000001927da034a0 nmethod 1118 0x00000192001e7990 code [0x00000192001e7b60, 0x00000192001e7ef8]
Event: 1.854 Thread 0x000001927da034a0 1119       3       org.lombokweb.asm.ClassReader::readUtf (161 bytes)
Event: 1.855 Thread 0x000001927da034a0 nmethod 1119 0x00000192001e8090 code [0x00000192001e8260, 0x00000192001e86c8]
Event: 1.855 Thread 0x000001927da034a0 1120       3       org.lombokweb.asm.ClassReader::getItem (7 bytes)
Event: 1.855 Thread 0x000001927da034a0 nmethod 1120 0x00000192001e8990 code [0x00000192001e8b20, 0x00000192001e8c58]
Event: 1.855 Thread 0x000001927da034a0 1121       3       org.lombokweb.asm.Symbol::<init> (38 bytes)
Event: 1.855 Thread 0x000001927da034a0 nmethod 1121 0x00000192001e8d10 code [0x00000192001e8ea0, 0x00000192001e9058]
Event: 1.855 Thread 0x000001927da034a0 1122       3       org.lombokweb.asm.SymbolTable::add (39 bytes)
Event: 1.855 Thread 0x000001927da034a0 nmethod 1122 0x00000192001e9190 code [0x00000192001e9340, 0x00000192001e95f8]
Event: 1.855 Thread 0x000001927da034a0 1123       3       org.lombokweb.asm.ClassReader::readUTF8 (23 bytes)
Event: 1.856 Thread 0x000001927da034a0 nmethod 1123 0x00000192001e9710 code [0x00000192001e98c0, 0x00000192001e9b18]
Event: 1.856 Thread 0x000001927da034a0 1124       3       java.io.File::getAbsolutePath (8 bytes)
Event: 1.856 Thread 0x000001927da034a0 nmethod 1124 0x00000192001e9c10 code [0x00000192001e9dc0, 0x00000192001e9f28]
Event: 1.864 Thread 0x000001927d9ede10 nmethod 1106 0x0000019207b45c10 code [0x0000019207b45f20, 0x0000019207b47c08]
Event: 1.864 Thread 0x000001927da034a0 1125       3       java.io.WinNTFileSystem::normalizePrefix (132 bytes)
Event: 1.867 Thread 0x000001927da034a0 nmethod 1125 0x00000192001ea010 code [0x00000192001ea440, 0x00000192001ec4c8]
Event: 1.868 Thread 0x000001927da034a0 1126       3       java.io.File::<init> (47 bytes)
Event: 1.868 Thread 0x000001927da034a0 nmethod 1126 0x00000192001ed110 code [0x00000192001ed2e0, 0x00000192001ed628]

GC Heap History (2 events):
Event: 1.542 GC heap before
{Heap before GC invocations=1 (full 0):
 PSYoungGen      total 29696K, used 25600K [0x00000000eab00000, 0x00000000ecc00000, 0x0000000100000000)
  eden space 25600K, 100% used [0x00000000eab00000,0x00000000ec400000,0x00000000ec400000)
  from space 4096K, 0% used [0x00000000ec800000,0x00000000ec800000,0x00000000ecc00000)
  to   space 4096K, 0% used [0x00000000ec400000,0x00000000ec400000,0x00000000ec800000)
 ParOldGen       total 68608K, used 0K [0x00000000c0000000, 0x00000000c4300000, 0x00000000eab00000)
  object space 68608K, 0% used [0x00000000c0000000,0x00000000c0000000,0x00000000c4300000)
 Metaspace       used 10986K, committed 11200K, reserved 1114112K
  class space    used 1096K, committed 1216K, reserved 1048576K
}
Event: 1.551 GC heap after
{Heap after GC invocations=1 (full 0):
 PSYoungGen      total 29696K, used 3165K [0x00000000eab00000, 0x00000000ecc00000, 0x0000000100000000)
  eden space 25600K, 0% used [0x00000000eab00000,0x00000000eab00000,0x00000000ec400000)
  from space 4096K, 77% used [0x00000000ec400000,0x00000000ec7175c8,0x00000000ec800000)
  to   space 4096K, 0% used [0x00000000ec800000,0x00000000ec800000,0x00000000ecc00000)
 ParOldGen       total 68608K, used 16K [0x00000000c0000000, 0x00000000c4300000, 0x00000000eab00000)
  object space 68608K, 0% used [0x00000000c0000000,0x00000000c0004000,0x00000000c4300000)
 Metaspace       used 10986K, committed 11200K, reserved 1114112K
  class space    used 1096K, committed 1216K, reserved 1048576K
}

Dll operation events (8 events):
Event: 0.017 Loaded shared library c:\Users\Rashi\.vscode\extensions\redhat.java-1.28.1-win32-x64\jre\17.0.10-win32-x86_64\bin\java.dll
Event: 0.412 Loaded shared library c:\Users\Rashi\.vscode\extensions\redhat.java-1.28.1-win32-x64\jre\17.0.10-win32-x86_64\bin\zip.dll
Event: 0.417 Loaded shared library C:\Users\Rashi\.vscode\extensions\redhat.java-1.28.1-win32-x64\jre\17.0.10-win32-x86_64\bin\instrument.dll
Event: 0.457 Loaded shared library C:\Users\Rashi\.vscode\extensions\redhat.java-1.28.1-win32-x64\jre\17.0.10-win32-x86_64\bin\net.dll
Event: 0.466 Loaded shared library C:\Users\Rashi\.vscode\extensions\redhat.java-1.28.1-win32-x64\jre\17.0.10-win32-x86_64\bin\nio.dll
Event: 0.515 Loaded shared library C:\Users\Rashi\.vscode\extensions\redhat.java-1.28.1-win32-x64\jre\17.0.10-win32-x86_64\bin\zip.dll
Event: 0.543 Loaded shared library C:\Users\Rashi\.vscode\extensions\redhat.java-1.28.1-win32-x64\jre\17.0.10-win32-x86_64\bin\jimage.dll
Event: 0.646 Loaded shared library c:\Users\Rashi\.vscode\extensions\redhat.java-1.28.1-win32-x64\jre\17.0.10-win32-x86_64\bin\verify.dll

Deoptimization events (20 events):
Event: 1.775 Thread 0x0000019277ad33c0 Uncommon trap: trap_request=0xffffff45 fr.pc=0x0000019207b0ef4c relative=0x000000000000100c
Event: 1.775 Thread 0x0000019277ad33c0 Uncommon trap: reason=unstable_if action=reinterpret pc=0x0000019207b0ef4c method=lombok.patcher.PatchScript.classMatches(Ljava/lang/String;Ljava/util/Collection;)Z @ 25 c2
Event: 1.775 Thread 0x0000019277ad33c0 DEOPT PACKING pc=0x0000019207b0ef4c sp=0x0000006fca2f85a0
Event: 1.775 Thread 0x0000019277ad33c0 DEOPT UNPACKING pc=0x00000192075866a3 sp=0x0000006fca2f8508 mode 2
Event: 1.775 Thread 0x0000019277ad33c0 Uncommon trap: trap_request=0xffffff45 fr.pc=0x0000019207b23918 relative=0x0000000000000478
Event: 1.775 Thread 0x0000019277ad33c0 Uncommon trap: reason=unstable_if action=reinterpret pc=0x0000019207b23918 method=java.lang.String.<init>([BIILjava/nio/charset/Charset;)V @ 47 c2
Event: 1.775 Thread 0x0000019277ad33c0 DEOPT PACKING pc=0x0000019207b23918 sp=0x0000006fca2f7970
Event: 1.775 Thread 0x0000019277ad33c0 DEOPT UNPACKING pc=0x00000192075866a3 sp=0x0000006fca2f7928 mode 2
Event: 1.781 Thread 0x0000019277ad33c0 DEOPT PACKING pc=0x000001920006f845 sp=0x0000006fca2f7a40
Event: 1.781 Thread 0x0000019277ad33c0 DEOPT UNPACKING pc=0x0000019207586e43 sp=0x0000006fca2f6ef0 mode 0
Event: 1.802 Thread 0x0000019277ad33c0 DEOPT PACKING pc=0x000001920006f845 sp=0x0000006fca2f3e20
Event: 1.802 Thread 0x0000019277ad33c0 DEOPT UNPACKING pc=0x0000019207586e43 sp=0x0000006fca2f32d0 mode 0
Event: 1.811 Thread 0x0000019277ad33c0 DEOPT PACKING pc=0x000001920006f845 sp=0x0000006fca2f3e20
Event: 1.811 Thread 0x0000019277ad33c0 DEOPT UNPACKING pc=0x0000019207586e43 sp=0x0000006fca2f32d0 mode 0
Event: 1.825 Thread 0x0000019277ad33c0 DEOPT PACKING pc=0x000001920006f845 sp=0x0000006fca2f3e20
Event: 1.825 Thread 0x0000019277ad33c0 DEOPT UNPACKING pc=0x0000019207586e43 sp=0x0000006fca2f32d0 mode 0
Event: 1.839 Thread 0x0000019277ad33c0 DEOPT PACKING pc=0x000001920006f845 sp=0x0000006fca2f7950
Event: 1.839 Thread 0x0000019277ad33c0 DEOPT UNPACKING pc=0x0000019207586e43 sp=0x0000006fca2f6e00 mode 0
Event: 1.858 Thread 0x0000019277ad33c0 DEOPT PACKING pc=0x000001920006f845 sp=0x0000006fca2f3e30
Event: 1.858 Thread 0x0000019277ad33c0 DEOPT UNPACKING pc=0x0000019207586e43 sp=0x0000006fca2f32e0 mode 0

Classes unloaded (0 events):
No events

Classes redefined (0 events):
No events

Internal exceptions (20 events):
Event: 1.046 Thread 0x0000019277ad33c0 Exception <a 'java/io/FileNotFoundException'{0x00000000eb878720}> (0x00000000eb878720) 
thrown [s\src\hotspot\share\prims\jni.cpp, line 516]
Event: 1.047 Thread 0x0000019277ad33c0 Exception <a 'java/io/FileNotFoundException'{0x00000000eb879410}> (0x00000000eb879410) 
thrown [s\src\hotspot\share\prims\jni.cpp, line 516]
Event: 1.047 Thread 0x0000019277ad33c0 Exception <a 'java/io/FileNotFoundException'{0x00000000eb87a0d0}> (0x00000000eb87a0d0) 
thrown [s\src\hotspot\share\prims\jni.cpp, line 516]
Event: 1.054 Thread 0x0000019277ad33c0 Implicit null exception at 0x0000019207af4772 to 0x0000019207af4cc0
Event: 1.061 Thread 0x0000019277ad33c0 Exception <a 'java/io/FileNotFoundException'{0x00000000eb8b4bb8}> (0x00000000eb8b4bb8) 
thrown [s\src\hotspot\share\prims\jni.cpp, line 516]
Event: 1.353 Thread 0x0000019277ad33c0 Exception <a 'java/lang/ClassNotFoundException'{0x00000000ec0bf878}: sun/net/www/protocol/c/Handler> (0x00000000ec0bf878) 
thrown [s\src\hotspot\share\classfile\systemDictionary.cpp, line 256]
Event: 1.353 Thread 0x0000019277ad33c0 Exception <a 'java/lang/ClassNotFoundException'{0x00000000ec0c0ba8}: sun/net/www/protocol/c/Handler> (0x00000000ec0c0ba8) 
thrown [s\src\hotspot\share\classfile\systemDictionary.cpp, line 256]
Event: 1.354 Thread 0x0000019277ad33c0 Exception <a 'java/lang/ClassNotFoundException'{0x00000000ec0c1d00}: sun/net/www/protocol/c/Handler> (0x00000000ec0c1d00) 
thrown [s\src\hotspot\share\classfile\systemDictionary.cpp, line 256]
Event: 1.372 Thread 0x0000019277ad33c0 Exception <a 'java/io/FileNotFoundException'{0x00000000ec0e8c38}> (0x00000000ec0e8c38) 
thrown [s\src\hotspot\share\prims\jni.cpp, line 516]
Event: 1.433 Thread 0x0000019277ad33c0 Implicit null exception at 0x0000019207b28600 to 0x0000019207b28fe0
Event: 1.433 Thread 0x0000019277ad33c0 Implicit null exception at 0x0000019207b2016c to 0x0000019207b20358
Event: 1.433 Thread 0x0000019277ad33c0 Implicit null exception at 0x0000019207b2126c to 0x0000019207b21454
Event: 1.434 Thread 0x0000019277ad33c0 Implicit null exception at 0x0000019207b1290f to 0x0000019207b12989
Event: 1.508 Thread 0x0000019277ad33c0 Exception <a 'java/lang/NoSuchMethodError'{0x00000000ec3ba740}: 'int java.lang.invoke.DirectMethodHandle$Holder.invokeStaticInit(java.lang.Object, java.lang.Object, java.lang.Object, java.lang.Object)'> (0x00000000ec3ba740) 
thrown [s\src\hotspot\share\interpreter\linkResolver.cpp, line 759]
Event: 1.521 Thread 0x0000019277ad33c0 Exception <a 'java/lang/NoSuchMethodError'{0x00000000ec3c4db0}: 'java.lang.Object java.lang.invoke.DirectMethodHandle$Holder.invokeInterface(java.lang.Object, java.lang.Object)'> (0x00000000ec3c4db0) 
thrown [s\src\hotspot\share\interpreter\linkResolver.cpp, line 759]
Event: 1.522 Thread 0x0000019277ad33c0 Exception <a 'java/lang/IncompatibleClassChangeError'{0x00000000ec3c85a8}: Found class java.lang.Object, but interface was expected> (0x00000000ec3c85a8) 
thrown [s\src\hotspot\share\interpreter\linkResolver.cpp, line 826]
Event: 1.524 Thread 0x0000019277ad33c0 Exception <a 'java/lang/NoSuchMethodError'{0x00000000ec3cca98}: 'void java.lang.invoke.DirectMethodHandle$Holder.invokeStatic(java.lang.Object, java.lang.Object)'> (0x00000000ec3cca98) 
thrown [s\src\hotspot\share\interpreter\linkResolver.cpp, line 759]
Event: 1.524 Thread 0x0000019277ad33c0 Exception <a 'java/lang/NoSuchMethodError'{0x00000000ec3d0298}: 'void java.lang.invoke.DirectMethodHandle$Holder.invokeStaticInit(java.lang.Object, java.lang.Object)'> (0x00000000ec3d0298) 
thrown [s\src\hotspot\share\interpreter\linkResolver.cpp, line 759]
Event: 1.526 Thread 0x0000019277ad33c0 Exception <a 'java/lang/NoSuchMethodError'{0x00000000ec3d8f48}: 'int java.lang.invoke.DirectMethodHandle$Holder.invokeStaticInit(java.lang.Object, java.lang.Object)'> (0x00000000ec3d8f48) 
thrown [s\src\hotspot\share\interpreter\linkResolver.cpp, line 759]
Event: 1.668 Thread 0x0000019277ad33c0 Exception <a 'java/lang/NoSuchMethodError'{0x00000000eac62998}: 'void java.lang.invoke.DirectMethodHandle$Holder.invokeSpecial(java.lang.Object, java.lang.Object, java.lang.Object)'> (0x00000000eac62998) 
thrown [s\src\hotspot\share\interpreter\linkResolver.cpp, line 759]

VM Operations (12 events):
Event: 0.364 Executing VM operation: HandshakeAllThreads
Event: 0.364 Executing VM operation: HandshakeAllThreads done
Event: 0.567 Executing VM operation: HandshakeAllThreads
Event: 0.567 Executing VM operation: HandshakeAllThreads done
Event: 1.012 Executing VM operation: HandshakeAllThreads
Event: 1.012 Executing VM operation: HandshakeAllThreads done
Event: 1.031 Executing VM operation: HandshakeAllThreads
Event: 1.031 Executing VM operation: HandshakeAllThreads done
Event: 1.325 Executing VM operation: ICBufferFull
Event: 1.325 Executing VM operation: ICBufferFull done
Event: 1.542 Executing VM operation: ParallelGCFailedAllocation
Event: 1.551 Executing VM operation: ParallelGCFailedAllocation done

Events (20 events):
Event: 1.713 loading class java/util/concurrent/SynchronousQueue$TransferStack
Event: 1.713 loading class java/util/concurrent/SynchronousQueue$Transferer
Event: 1.713 loading class java/util/concurrent/SynchronousQueue$Transferer done
Event: 1.713 loading class java/util/concurrent/SynchronousQueue$TransferStack done
Event: 1.713 loading class java/util/concurrent/SynchronousQueue$TransferStack$SNode
Event: 1.713 loading class java/util/concurrent/ForkJoinPool$ManagedBlocker
Event: 1.713 loading class java/util/concurrent/ForkJoinPool$ManagedBlocker done
Event: 1.713 loading class java/util/concurrent/SynchronousQueue$TransferStack$SNode done
Event: 1.714 loading class java/util/concurrent/RejectedExecutionHandler
Event: 1.714 loading class java/util/concurrent/RejectedExecutionHandler done
Event: 1.715 loading class java/util/concurrent/LinkedBlockingQueue
Event: 1.715 loading class java/util/concurrent/LinkedBlockingQueue done
Event: 1.716 loading class java/util/concurrent/LinkedBlockingQueue$Node
Event: 1.716 loading class java/util/concurrent/LinkedBlockingQueue$Node done
Event: 1.737 loading class java/util/concurrent/Semaphore$NonfairSync
Event: 1.737 loading class java/util/concurrent/Semaphore$Sync
Event: 1.737 loading class java/util/concurrent/Semaphore$Sync done
Event: 1.737 loading class java/util/concurrent/Semaphore$NonfairSync done
Event: 1.816 loading class java/lang/TypeNotPresentException
Event: 1.816 loading class java/lang/TypeNotPresentException done


Dynamic libraries:
0x00007ff66abd0000 - 0x00007ff66abde000 	c:\Users\Rashi\.vscode\extensions\redhat.java-1.28.1-win32-x64\jre\17.0.10-win32-x86_64\bin\java.exe
0x00007ffced3d0000 - 0x00007ffced5c8000 	C:\WINDOWS\SYSTEM32\ntdll.dll
0x00007ffceb980000 - 0x00007ffceba3d000 	C:\WINDOWS\System32\KERNEL32.DLL
0x00007ffceae90000 - 0x00007ffceb186000 	C:\WINDOWS\System32\KERNELBASE.dll
0x00007ffce7fb0000 - 0x00007ffce8040000 	C:\WINDOWS\SYSTEM32\apphelp.dll
0x00007ffcead40000 - 0x00007ffceae40000 	C:\WINDOWS\System32\ucrtbase.dll
0x00007ffccc670000 - 0x00007ffccc687000 	c:\Users\Rashi\.vscode\extensions\redhat.java-1.28.1-win32-x64\jre\17.0.10-win32-x86_64\bin\jli.dll
0x00007ffceb750000 - 0x00007ffceb8ee000 	C:\WINDOWS\System32\USER32.dll
0x00007ffccc7f0000 - 0x00007ffccc80b000 	c:\Users\Rashi\.vscode\extensions\redhat.java-1.28.1-win32-x64\jre\17.0.10-win32-x86_64\bin\VCRUNTIME140.dll
0x00007ffceaa80000 - 0x00007ffceaaa2000 	C:\WINDOWS\System32\win32u.dll
0x00007ffceced0000 - 0x00007ffcecefb000 	C:\WINDOWS\System32\GDI32.dll
0x00007ffceb2e0000 - 0x00007ffceb3f7000 	C:\WINDOWS\System32\gdi32full.dll
0x00007ffceb240000 - 0x00007ffceb2dd000 	C:\WINDOWS\System32\msvcp_win.dll
0x00007ffcd1e20000 - 0x00007ffcd20ba000 	C:\WINDOWS\WinSxS\amd64_microsoft.windows.common-controls_6595b64144ccf1df_6.0.19041.3636_none_60b6a03d71f818d5\COMCTL32.dll
0x00007ffceb6b0000 - 0x00007ffceb74e000 	C:\WINDOWS\System32\msvcrt.dll
0x00007ffcebdb0000 - 0x00007ffcebde2000 	C:\WINDOWS\System32\IMM32.DLL
0x00007ffcdf8a0000 - 0x00007ffcdf8ac000 	c:\Users\Rashi\.vscode\extensions\redhat.java-1.28.1-win32-x64\jre\17.0.10-win32-x86_64\bin\vcruntime140_1.dll
0x00007ffcab8a0000 - 0x00007ffcab92d000 	c:\Users\Rashi\.vscode\extensions\redhat.java-1.28.1-win32-x64\jre\17.0.10-win32-x86_64\bin\msvcp140.dll
0x00007ffcaa070000 - 0x00007ffcaacd2000 	c:\Users\Rashi\.vscode\extensions\redhat.java-1.28.1-win32-x64\jre\17.0.10-win32-x86_64\bin\server\jvm.dll
0x00007ffcec370000 - 0x00007ffcec420000 	C:\WINDOWS\System32\ADVAPI32.dll
0x00007ffcebe60000 - 0x00007ffcebf00000 	C:\WINDOWS\System32\sechost.dll
0x00007ffceb580000 - 0x00007ffceb6a5000 	C:\WINDOWS\System32\RPCRT4.dll
0x00007ffceab40000 - 0x00007ffceab67000 	C:\WINDOWS\System32\bcrypt.dll
0x00007ffcea8e0000 - 0x00007ffcea92b000 	C:\WINDOWS\SYSTEM32\POWRPROF.dll
0x00007ffcd1060000 - 0x00007ffcd1069000 	C:\WINDOWS\SYSTEM32\WSOCK32.dll
0x00007ffceba40000 - 0x00007ffcebaab000 	C:\WINDOWS\System32\WS2_32.dll
0x00007ffce0970000 - 0x00007ffce097a000 	C:\WINDOWS\SYSTEM32\VERSION.dll
0x00007ffcd8e70000 - 0x00007ffcd8e97000 	C:\WINDOWS\SYSTEM32\WINMM.dll
0x00007ffcea8c0000 - 0x00007ffcea8d2000 	C:\WINDOWS\SYSTEM32\UMPDC.dll
0x00007ffce8940000 - 0x00007ffce8952000 	C:\WINDOWS\SYSTEM32\kernel.appcore.dll
0x00007ffcdf810000 - 0x00007ffcdf81a000 	c:\Users\Rashi\.vscode\extensions\redhat.java-1.28.1-win32-x64\jre\17.0.10-win32-x86_64\bin\jimage.dll
0x00007ffce8140000 - 0x00007ffce8324000 	C:\WINDOWS\SYSTEM32\DBGHELP.DLL
0x00007ffce0930000 - 0x00007ffce0964000 	C:\WINDOWS\SYSTEM32\dbgcore.DLL
0x00007ffceaab0000 - 0x00007ffceab32000 	C:\WINDOWS\System32\bcryptPrimitives.dll
0x00007ffcddcd0000 - 0x00007ffcddcde000 	c:\Users\Rashi\.vscode\extensions\redhat.java-1.28.1-win32-x64\jre\17.0.10-win32-x86_64\bin\instrument.dll
0x00007ffcaf6a0000 - 0x00007ffcaf6c5000 	c:\Users\Rashi\.vscode\extensions\redhat.java-1.28.1-win32-x64\jre\17.0.10-win32-x86_64\bin\java.dll
0x00007ffccc650000 - 0x00007ffccc668000 	c:\Users\Rashi\.vscode\extensions\redhat.java-1.28.1-win32-x64\jre\17.0.10-win32-x86_64\bin\zip.dll
0x00007ffcec480000 - 0x00007ffcecbeb000 	C:\WINDOWS\System32\SHELL32.dll
0x00007ffce8af0000 - 0x00007ffce928e000 	C:\WINDOWS\SYSTEM32\windows.storage.dll
0x00007ffced030000 - 0x00007ffced383000 	C:\WINDOWS\System32\combase.dll
0x00007ffcea300000 - 0x00007ffcea32e000 	C:\WINDOWS\SYSTEM32\Wldp.dll
0x00007ffcece00000 - 0x00007ffcececd000 	C:\WINDOWS\System32\OLEAUT32.dll
0x00007ffcebbd0000 - 0x00007ffcebc7d000 	C:\WINDOWS\System32\SHCORE.dll
0x00007ffcecda0000 - 0x00007ffcecdf5000 	C:\WINDOWS\System32\shlwapi.dll
0x00007ffcea9b0000 - 0x00007ffcea9d5000 	C:\WINDOWS\SYSTEM32\profapi.dll
0x00007ffccc630000 - 0x00007ffccc649000 	C:\Users\Rashi\.vscode\extensions\redhat.java-1.28.1-win32-x64\jre\17.0.10-win32-x86_64\bin\net.dll
0x00007ffce2f30000 - 0x00007ffce303a000 	C:\WINDOWS\SYSTEM32\WINHTTP.dll
0x00007ffcea0e0000 - 0x00007ffcea14a000 	C:\WINDOWS\system32\mswsock.dll
0x00007ffccc610000 - 0x00007ffccc626000 	C:\Users\Rashi\.vscode\extensions\redhat.java-1.28.1-win32-x64\jre\17.0.10-win32-x86_64\bin\nio.dll
0x00007ffcddc80000 - 0x00007ffcddc90000 	c:\Users\Rashi\.vscode\extensions\redhat.java-1.28.1-win32-x64\jre\17.0.10-win32-x86_64\bin\verify.dll

dbghelp: loaded successfully - version: 4.0.5 - missing functions: none
symbol engine: initialized successfully - sym options: 0x614 - pdb path: .;c:\Users\Rashi\.vscode\extensions\redhat.java-1.28.1-win32-x64\jre\17.0.10-win32-x86_64\bin;C:\WINDOWS\SYSTEM32;C:\WINDOWS\WinSxS\amd64_microsoft.windows.common-controls_6595b64144ccf1df_6.0.19041.3636_none_60b6a03d71f818d5;c:\Users\Rashi\.vscode\extensions\redhat.java-1.28.1-win32-x64\jre\17.0.10-win32-x86_64\bin\server

VM Arguments:
jvm_args: --add-modules=ALL-SYSTEM --add-opens=java.base/java.util=ALL-UNNAMED --add-opens=java.base/java.lang=ALL-UNNAMED --add-opens=java.base/sun.nio.fs=ALL-UNNAMED -Declipse.application=org.eclipse.jdt.ls.core.id1 -Dosgi.bundles.defaultStartLevel=4 -Declipse.product=org.eclipse.jdt.ls.core.product -Djava.import.generatesMetadataFilesAtProjectRoot=false -DDetectVMInstallationsJob.disabled=true -Dfile.encoding=utf8 -XX:+UseParallelGC -XX:GCTimeRatio=4 -XX:AdaptiveSizePolicyWeight=90 -Dsun.zip.disableMemoryMapping=true -Xmx1G -Xms100m -Xlog:disable -javaagent:c:\Users\Rashi\.vscode\extensions\redhat.java-1.28.1-win32-x64\lombok\lombok-1.18.31.jar -XX:+HeapDumpOnOutOfMemoryError -XX:HeapDumpPath=c:\Users\Rashi\AppData\Roaming\Code\User\workspaceStorage\c6eaf296e785e8220cfca6199db8f1a7\redhat.java -Daether.dependencyCollector.impl=bf 
java_command: c:\Users\Rashi\.vscode\extensions\redhat.java-1.28.1-win32-x64\server\plugins\org.eclipse.equinox.launcher_1.6.700.v20231214-2017.jar -configuration c:\Users\Rashi\AppData\Roaming\Code\User\globalStorage\redhat.java\1.28.1\config_win -data c:\Users\Rashi\AppData\Roaming\Code\User\workspaceStorage\c6eaf296e785e8220cfca6199db8f1a7\redhat.java\jdt_ws --stdio
java_class_path (initial): c:\Users\Rashi\.vscode\extensions\redhat.java-1.28.1-win32-x64\server\plugins\org.eclipse.equinox.launcher_1.6.700.v20231214-2017.jar
Launcher Type: SUN_STANDARD

[Global flags]
    uintx AdaptiveSizePolicyWeight                 = 90                                        {product} {command line}
     intx CICompilerCount                          = 4                                         {product} {ergonomic}
    uintx GCTimeRatio                              = 4                                         {product} {command line}
     bool HeapDumpOnOutOfMemoryError               = true                                   {manageable} {command line}
    ccstr HeapDumpPath                             = c:\Users\Rashi\AppData\Roaming\Code\User\workspaceStorage\c6eaf296e785e8220cfca6199db8f1a7\redhat.java         {manageable} {command line}
   size_t InitialHeapSize                          = 104857600                                 {product} {command line}
   size_t MaxHeapSize                              = 1073741824                                {product} {command line}
   size_t MaxNewSize                               = 357564416                                 {product} {ergonomic}
   size_t MinHeapDeltaBytes                        = 524288                                    {product} {ergonomic}
   size_t MinHeapSize                              = 104857600                                 {product} {command line}
   size_t NewSize                                  = 34603008                                  {product} {ergonomic}
    uintx NonNMethodCodeHeapSize                   = 5839372                                {pd product} {ergonomic}
    uintx NonProfiledCodeHeapSize                  = 122909434                              {pd product} {ergonomic}
   size_t OldSize                                  = 70254592                                  {product} {ergonomic}
    uintx ProfiledCodeHeapSize                     = 122909434                              {pd product} {ergonomic}
    uintx ReservedCodeCacheSize                    = 251658240                              {pd product} {ergonomic}
     bool SegmentedCodeCache                       = true                                      {product} {ergonomic}
   size_t SoftMaxHeapSize                          = 1073741824                             {manageable} {ergonomic}
     bool UseCompressedClassPointers               = true                           {product lp64_product} {ergonomic}
     bool UseCompressedOops                        = true                           {product lp64_product} {ergonomic}
     bool UseLargePagesIndividualAllocation        = false                                  {pd product} {ergonomic}
     bool UseParallelGC                            = true                                      {product} {command line}

Logging:
Log output configuration:
 #0: stdout all=off uptime,level,tags
 #1: stderr all=off uptime,level,tags

Environment Variables:
JAVA_HOME=C:\Program Files\Java\jdk-11
PATH=C:\Program Files (x86)\Microsoft\Edge\Application;C:\Program Files\Common Files\Oracle\Java\javapath;C:\Program Files (x86)\Common Files\Oracle\Java\javapath;C:\Users\Rashi\AppData\Roaming\Microsoft\Windows\Start Menu\Programs\Python 3.12;C:\Program Files\Java\jdk-11\bin;C:\Program Files;C:\Users\Rashi\Downloads\selenium-java-4.18.1;C:\Users\Rashi\Downloads\selenium-java-4.18.1\lib;D:\chromedriver-win64;C:\Users\Rashi\AppData\Roaming\Microsoft\Windows\Start Menu\Programs\Python 3.12;C:\Program Files\Docker\Docker\resources\bin;D:\Ruby32-x64\bin;C:\Program Files\nodejs\node_modules\npm\bin;C:\Program Files\nodejs;C:\Program Files\Java\jdk-11\lib;C:\Program Files\Java\jdk-11\bin;C:\Program Files\Java\jdk-11\lib;C:\Program Files\nodejs\node_modules\npm\bin;C:\Users\Rashi\AppData\Local\Android\Sdk\platform-tools;C:\Users\Rashi\AppData\Local\Android\Sdk\build-tools;C:\Users\Rashi\AppData\Local\Android\Sdk\platforms;C:\Program Files\Git\cmd;C:\Ruby32-x64\bin;E:\Ruby32-x64\bin;C:\Users\Rashi\AppData\Roaming\npm
USERNAME=Rashi
OS=Windows_NT
PROCESSOR_IDENTIFIER=Intel64 Family 6 Model 142 Stepping 12, GenuineIntel
TMP=C:\Users\Rashi\AppData\Local\Temp
TEMP=C:\Users\Rashi\AppData\Local\Temp



Periodic native trim disabled


---------------  S Y S T E M  ---------------

OS:
 Windows 10 , 64 bit Build 19041 (10.0.19041.3636)
OS uptime: 0 days 1:52 hours
Hyper-V role detected

CPU: total 8 (initial active 8) (4 cores per cpu, 2 threads per core) family 6 model 142 stepping 12 microcode 0xf8, cx8, cmov, fxsr, ht, mmx, 3dnowpref, sse, sse2, sse3, ssse3, sse4.1, sse4.2, popcnt, lzcnt, tsc, tscinvbit, avx, avx2, aes, erms, clmul, bmi1, bmi2, adx, fma, vzeroupper, clflush, clflushopt, hv
Processor Information for all 8 processors :
  Max Mhz: 2112, Current Mhz: 1609, Mhz Limit: 1605

Memory: 4k page, system-wide physical 8039M (427M free)
TotalPageFile size 12677M (AvailPageFile size 4M)
current process WorkingSet (physical memory assigned to process): 79M, peak: 80M
current process commit charge ("private bytes"): 201M, peak: 201M

vm_info: OpenJDK 64-Bit Server VM (17.0.10+7) for windows-amd64 JRE (17.0.10+7), built on Jan 16 2024 23:25:11 by "admin" with MS VC++ 16.10 / 16.11 (VS2019)

END.
