#
# There is insufficient memory for the Java Runtime Environment to continue.
# Native memory allocation (malloc) failed to allocate 37456 bytes for Chunk::new
# Possible reasons:
#   The system is out of physical RAM or swap space
#   The process is running with CompressedOops enabled, and the Java Heap may be blocking the growth of the native heap
# Possible solutions:
#   Reduce memory load on the system
#   Increase physical memory or swap space
#   Check if swap backing store is full
#   Decrease Java heap size (-Xmx/-Xms)
#   Decrease number of Java threads
#   Decrease Java thread stack sizes (-Xss)
#   Set larger code cache with -XX:ReservedCodeCacheSize=
#   JVM is running with Unscaled Compressed Oops mode in which the Java heap is
#     placed in the first 4GB address space. The Java Heap base address is the
#     maximum limit for the native heap growth. Please use -XX:HeapBaseMinAddress
#     to set the Java Heap base and to place the Java Heap above 4GB virtual address.
# This output file may be truncated or incomplete.
#
#  Out of Memory Error (arena.cpp:191), pid=6080, tid=5136
#
# JRE version: OpenJDK Runtime Environment Temurin-17.0.10+7 (17.0.10+7) (build 17.0.10+7)
# Java VM: OpenJDK 64-Bit Server VM Temurin-17.0.10+7 (17.0.10+7, mixed mode, tiered, compressed oops, compressed class ptrs, parallel gc, windows-amd64)
# No core dump will be written. Minidumps are not enabled by default on client versions of Windows
#

---------------  S U M M A R Y ------------

Command Line: --add-modules=ALL-SYSTEM --add-opens=java.base/java.util=ALL-UNNAMED --add-opens=java.base/java.lang=ALL-UNNAMED --add-opens=java.base/sun.nio.fs=ALL-UNNAMED -Declipse.application=org.eclipse.jdt.ls.core.id1 -Dosgi.bundles.defaultStartLevel=4 -Declipse.product=org.eclipse.jdt.ls.core.product -Djava.import.generatesMetadataFilesAtProjectRoot=false -DDetectVMInstallationsJob.disabled=true -Dfile.encoding=utf8 -XX:+UseParallelGC -XX:GCTimeRatio=4 -XX:AdaptiveSizePolicyWeight=90 -Dsun.zip.disableMemoryMapping=true -Xmx1G -Xms100m -Xlog:disable -javaagent:c:\Users\Rashi\.vscode\extensions\redhat.java-1.28.1-win32-x64\lombok\lombok-1.18.31.jar c:\Users\Rashi\.vscode\extensions\redhat.java-1.28.1-win32-x64\server\plugins\org.eclipse.equinox.launcher_1.6.700.v20231214-2017.jar -configuration c:\Users\Rashi\AppData\Roaming\Code\User\globalStorage\redhat.java\1.28.1\config_ss_win -data c:\Users\Rashi\AppData\Roaming\Code\User\workspaceStorage\c6eaf296e785e8220cfca6199db8f1a7\redhat.java\ss_ws --stdio

Host: Intel(R) Core(TM) i5-10210U CPU @ 1.60GHz, 8 cores, 7G,  Windows 10 , 64 bit Build 19041 (10.0.19041.3636)
Time: Thu Mar 28 19:48:31 2024 India Standard Time elapsed time: 1.036607 seconds (0d 0h 0m 1s)

---------------  T H R E A D  ---------------

Current thread (0x0000023f7f1d8fb0):  JavaThread "C2 CompilerThread1" daemon [_thread_in_native, id=5136, stack(0x00000067fb900000,0x00000067fba00000)]


Current CompileTask:
C2:   1036  516       4       java.math.BigInteger::destructiveMulAdd (150 bytes)

Stack: [0x00000067fb900000,0x00000067fba00000]
Native frames: (J=compiled Java code, j=interpreted, Vv=VM code, C=native code)
V  [jvm.dll+0x67d2c9]
V  [jvm.dll+0x834afa]
V  [jvm.dll+0x8365be]
V  [jvm.dll+0x836c23]
V  [jvm.dll+0x2477ff]
V  [jvm.dll+0xac514]
V  [jvm.dll+0xacb5c]
V  [jvm.dll+0x2aed1f]
V  [jvm.dll+0x584b67]
V  [jvm.dll+0x2228a2]
V  [jvm.dll+0x21ba9e]
V  [jvm.dll+0x219201]
V  [jvm.dll+0x1a502d]
V  [jvm.dll+0x2290de]
V  [jvm.dll+0x2272ac]
V  [jvm.dll+0x7e9bb7]
V  [jvm.dll+0x7e3fba]
V  [jvm.dll+0x67c1b5]
C  [ucrtbase.dll+0x21bb2]
C  [KERNEL32.DLL+0x17344]
C  [ntdll.dll+0x526b1]


---------------  P R O C E S S  ---------------

Threads class SMR info:
_java_thread_list=0x0000023f7e31dd70, length=13, elements={
0x0000023f690e6d20, 0x0000023f7cf61620, 0x0000023f7cf62630, 0x0000023f7dfe6150,
0x0000023f7dfe91f0, 0x0000023f7dfea520, 0x0000023f7dfebf40, 0x0000023f7dfed2e0,
0x0000023f7cf6aff0, 0x0000023f7e06fcb0, 0x0000023f69147770, 0x0000023f7e31e610,
0x0000023f7f1d8fb0
}

Java Threads: ( => current thread )
  0x0000023f690e6d20 JavaThread "main" [_thread_in_Java, id=7172, stack(0x00000067faa00000,0x00000067fab00000)]
  0x0000023f7cf61620 JavaThread "Reference Handler" daemon [_thread_blocked, id=2276, stack(0x00000067fad00000,0x00000067fae00000)]
  0x0000023f7cf62630 JavaThread "Finalizer" daemon [_thread_blocked, id=15052, stack(0x00000067fae00000,0x00000067faf00000)]
  0x0000023f7dfe6150 JavaThread "Signal Dispatcher" daemon [_thread_blocked, id=9228, stack(0x00000067faf00000,0x00000067fb000000)]
  0x0000023f7dfe91f0 JavaThread "Attach Listener" daemon [_thread_blocked, id=764, stack(0x00000067fb000000,0x00000067fb100000)]
  0x0000023f7dfea520 JavaThread "Service Thread" daemon [_thread_blocked, id=12936, stack(0x00000067fb100000,0x00000067fb200000)]
  0x0000023f7dfebf40 JavaThread "Monitor Deflation Thread" daemon [_thread_blocked, id=3768, stack(0x00000067fb200000,0x00000067fb300000)]
  0x0000023f7dfed2e0 JavaThread "C2 CompilerThread0" daemon [_thread_in_native, id=9412, stack(0x00000067fb300000,0x00000067fb400000)]
  0x0000023f7cf6aff0 JavaThread "C1 CompilerThread0" daemon [_thread_in_native, id=9536, stack(0x00000067fb400000,0x00000067fb500000)]
  0x0000023f7e06fcb0 JavaThread "Sweeper thread" daemon [_thread_blocked, id=5180, stack(0x00000067fb500000,0x00000067fb600000)]
  0x0000023f69147770 JavaThread "Common-Cleaner" daemon [_thread_blocked, id=12072, stack(0x00000067fb600000,0x00000067fb700000)]
  0x0000023f7e31e610 JavaThread "Notification Thread" daemon [_thread_blocked, id=8420, stack(0x00000067fb700000,0x00000067fb800000)]
=>0x0000023f7f1d8fb0 JavaThread "C2 CompilerThread1" daemon [_thread_in_native, id=5136, stack(0x00000067fb900000,0x00000067fba00000)]

Other Threads:
  0x0000023f6918e7d0 VMThread "VM Thread" [stack: 0x00000067fac00000,0x00000067fad00000] [id=2464]
  0x0000023f7e325660 WatcherThread [stack: 0x00000067fb800000,0x00000067fb900000] [id=8148]
  0x0000023f690f8500 GCTaskThread "GC Thread#0" [stack: 0x00000067fab00000,0x00000067fac00000] [id=4732]

Threads with active compile tasks:
C2 CompilerThread0     1079  589       4       lombok.patcher.PatchScript::classMatches (41 bytes)
C1 CompilerThread0     1079  586       3       java.lang.invoke.VarForm::getMemberName (31 bytes)
C2 CompilerThread1     1079  516       4       java.math.BigInteger::destructiveMulAdd (150 bytes)

VM state: not at safepoint (normal execution)

VM Mutex/Monitor currently owned by a thread: None

Heap address: 0x00000000c0000000, size: 1024 MB, Compressed Oops mode: 32-bit

CDS archive(s) not mapped
Compressed class space mapped at: 0x0000000100000000-0x0000000140000000, reserved size: 1073741824
Narrow klass base: 0x0000000000000000, Narrow klass shift: 3, Narrow klass range: 0x140000000

GC Precious Log:
 CPUs: 8 total, 8 available
 Memory: 8039M
 Large Page Support: Disabled
 NUMA Support: Disabled
 Compressed Oops: Enabled (32-bit)
 Alignments: Space 512K, Generation 512K, Heap 2M
 Heap Min Capacity: 100M
 Heap Initial Capacity: 100M
 Heap Max Capacity: 1G
 Pre-touch: Disabled
 Parallel Workers: 8

Heap:
 PSYoungGen      total 29696K, used 13552K [0x00000000eab00000, 0x00000000ecc00000, 0x0000000100000000)
  eden space 25600K, 52% used [0x00000000eab00000,0x00000000eb83c1f0,0x00000000ec400000)
  from space 4096K, 0% used [0x00000000ec800000,0x00000000ec800000,0x00000000ecc00000)
  to   space 4096K, 0% used [0x00000000ec400000,0x00000000ec400000,0x00000000ec800000)
 ParOldGen       total 68608K, used 0K [0x00000000c0000000, 0x00000000c4300000, 0x00000000eab00000)
  object space 68608K, 0% used [0x00000000c0000000,0x00000000c0000000,0x00000000c4300000)
 Metaspace       used 8872K, committed 9024K, reserved 1114112K
  class space    used 877K, committed 960K, reserved 1048576K

Card table byte_map: [0x0000023f68a70000,0x0000023f68c80000] _byte_map_base: 0x0000023f68470000

Marking Bits: (ParMarkBitMap*) 0x00007ffcaac0d7d0
 Begin Bits: [0x0000023f7ad70000, 0x0000023f7bd70000)
 End Bits:   [0x0000023f7bd70000, 0x0000023f7cd70000)

Polling page: 0x0000023f67240000

Metaspace:

Usage:
  Non-class:      7.81 MB used.
      Class:    877.22 KB used.
       Both:      8.67 MB used.

Virtual space:
  Non-class space:       64.00 MB reserved,       7.88 MB ( 12%) committed,  1 nodes.
      Class space:        1.00 GB reserved,     960.00 KB ( <1%) committed,  1 nodes.
             Both:        1.06 GB reserved,       8.81 MB ( <1%) committed. 

Chunk freelists:
   Non-Class:  8.00 MB
       Class:  15.09 MB
        Both:  23.09 MB

MaxMetaspaceSize: unlimited
CompressedClassSpaceSize: 1.00 GB
Initial GC threshold: 21.00 MB
Current GC threshold: 21.00 MB
CDS: off
MetaspaceReclaimPolicy: balanced
 - commit_granule_bytes: 65536.
 - commit_granule_words: 8192.
 - virtual_space_node_default_size: 8388608.
 - enlarge_chunks_in_place: 1.
 - new_chunks_are_fully_committed: 0.
 - uncommit_free_chunks: 1.
 - use_allocation_guard: 0.
 - handle_deallocations: 1.


Internal statistics:

num_allocs_failed_limit: 0.
num_arena_births: 10.
num_arena_deaths: 0.
num_vsnodes_births: 2.
num_vsnodes_deaths: 0.
num_space_committed: 141.
num_space_uncommitted: 0.
num_chunks_returned_to_freelist: 0.
num_chunks_taken_from_freelist: 41.
num_chunk_merges: 0.
num_chunk_splits: 23.
num_chunks_enlarged: 22.
num_inconsistent_stats: 0.

CodeHeap 'non-profiled nmethods': size=120000Kb used=214Kb max_used=214Kb free=119785Kb
 bounds [0x0000023f73840000, 0x0000023f73ab0000, 0x0000023f7ad70000]
CodeHeap 'profiled nmethods': size=120000Kb used=824Kb max_used=824Kb free=119175Kb
 bounds [0x0000023f6bd70000, 0x0000023f6bfe0000, 0x0000023f732a0000]
CodeHeap 'non-nmethods': size=5760Kb used=1133Kb max_used=1174Kb free=4626Kb
 bounds [0x0000023f732a0000, 0x0000023f73510000, 0x0000023f73840000]
 total_blobs=1007 nmethods=585 adapters=337
 compilation: enabled
              stopped_count=0, restarted_count=0
 full_count=0

Compilation events (20 events):
Event: 1.007 Thread 0x0000023f7cf6aff0  530       3       java.lang.reflect.Modifier::isProtected (12 bytes)
Event: 1.008 Thread 0x0000023f7cf6aff0 nmethod 530 0x0000023f6be27110 code [0x0000023f6be272a0, 0x0000023f6be273f8]
Event: 1.011 Thread 0x0000023f7cf6aff0  531       3       java.lang.invoke.MemberName::initResolved (53 bytes)
Event: 1.011 Thread 0x0000023f7cf6aff0 nmethod 531 0x0000023f6be27490 code [0x0000023f6be27620, 0x0000023f6be27798]
Event: 1.019 Thread 0x0000023f7cf6aff0  534       3       jdk.internal.util.Preconditions::checkIndex (18 bytes)
Event: 1.019 Thread 0x0000023f7cf6aff0 nmethod 534 0x0000023f6be27810 code [0x0000023f6be279c0, 0x0000023f6be27b68]
Event: 1.031 Thread 0x0000023f7dfed2e0 nmethod 502 0x0000023f7386be90 code [0x0000023f7386c0a0, 0x0000023f7386d2d8]
Event: 1.031 Thread 0x0000023f7cf6aff0  535       3       java.lang.instrument.ClassFileTransformer::transform (15 bytes)
Event: 1.031 Thread 0x0000023f7dfed2e0  507       4       java.lang.String::charAt (25 bytes)
Event: 1.031 Thread 0x0000023f7cf6aff0 nmethod 535 0x0000023f6be27c10 code [0x0000023f6be27dc0, 0x0000023f6be27f48]
Event: 1.031 Thread 0x0000023f7cf6aff0  536       3       java.util.zip.Inflater::ensureOpen (47 bytes)
Event: 1.032 Thread 0x0000023f7cf6aff0 nmethod 536 0x0000023f6be28090 code [0x0000023f6be28240, 0x0000023f6be284a8]
Event: 1.032 Thread 0x0000023f7f1d8fb0 nmethod 501 0x0000023f7386e210 code [0x0000023f7386e440, 0x0000023f7386f918]
Event: 1.033 Thread 0x0000023f7cf6aff0  537       3       jdk.internal.org.objectweb.asm.ByteVector::put12 (64 bytes)
Event: 1.033 Thread 0x0000023f7dfed2e0 nmethod 507 0x0000023f73870990 code [0x0000023f73870b20, 0x0000023f73870c08]
Event: 1.033 Thread 0x0000023f7f1d8fb0  516       4       java.math.BigInteger::destructiveMulAdd (150 bytes)
Event: 1.033 Thread 0x0000023f7dfed2e0  518       4       java.lang.StringLatin1::lastIndexOf (40 bytes)
Event: 1.033 Thread 0x0000023f7cf6aff0 nmethod 537 0x0000023f6be28590 code [0x0000023f6be28740, 0x0000023f6be28968]
Event: 1.033 Thread 0x0000023f7cf6aff0  538       3       java.lang.ref.WeakReference::<init> (7 bytes)
Event: 1.033 Thread 0x0000023f7cf6aff0 nmethod 538 0x0000023f6be28b10 code [0x0000023f6be28cc0, 0x0000023f6be28f18]

GC Heap History (0 events):
No events

Dll operation events (8 events):
Event: 0.016 Loaded shared library c:\Users\Rashi\.vscode\extensions\redhat.java-1.28.1-win32-x64\jre\17.0.10-win32-x86_64\bin\java.dll
Event: 0.368 Loaded shared library c:\Users\Rashi\.vscode\extensions\redhat.java-1.28.1-win32-x64\jre\17.0.10-win32-x86_64\bin\zip.dll
Event: 0.372 Loaded shared library C:\Users\Rashi\.vscode\extensions\redhat.java-1.28.1-win32-x64\jre\17.0.10-win32-x86_64\bin\instrument.dll
Event: 0.405 Loaded shared library C:\Users\Rashi\.vscode\extensions\redhat.java-1.28.1-win32-x64\jre\17.0.10-win32-x86_64\bin\net.dll
Event: 0.410 Loaded shared library C:\Users\Rashi\.vscode\extensions\redhat.java-1.28.1-win32-x64\jre\17.0.10-win32-x86_64\bin\nio.dll
Event: 0.427 Loaded shared library C:\Users\Rashi\.vscode\extensions\redhat.java-1.28.1-win32-x64\jre\17.0.10-win32-x86_64\bin\zip.dll
Event: 0.460 Loaded shared library C:\Users\Rashi\.vscode\extensions\redhat.java-1.28.1-win32-x64\jre\17.0.10-win32-x86_64\bin\jimage.dll
Event: 0.609 Loaded shared library c:\Users\Rashi\.vscode\extensions\redhat.java-1.28.1-win32-x64\jre\17.0.10-win32-x86_64\bin\verify.dll

Deoptimization events (20 events):
Event: 0.607 Thread 0x0000023f690e6d20 DEOPT PACKING pc=0x0000023f7385687c sp=0x00000067faafce00
Event: 0.607 Thread 0x0000023f690e6d20 DEOPT UNPACKING pc=0x0000023f732f66a3 sp=0x00000067faafcc90 mode 2
Event: 0.653 Thread 0x0000023f690e6d20 DEOPT PACKING pc=0x0000023f6bdbbf22 sp=0x00000067faafcb40
Event: 0.654 Thread 0x0000023f690e6d20 DEOPT UNPACKING pc=0x0000023f732f6e43 sp=0x00000067faafbfa0 mode 0
Event: 0.817 Thread 0x0000023f690e6d20 Uncommon trap: trap_request=0xffffff45 fr.pc=0x0000023f7385045c relative=0x000000000000005c
Event: 0.817 Thread 0x0000023f690e6d20 Uncommon trap: reason=unstable_if action=reinterpret pc=0x0000023f7385045c method=java.lang.String.isLatin1()Z @ 10 c2
Event: 0.817 Thread 0x0000023f690e6d20 DEOPT PACKING pc=0x0000023f7385045c sp=0x00000067faafe700
Event: 0.817 Thread 0x0000023f690e6d20 DEOPT UNPACKING pc=0x0000023f732f66a3 sp=0x00000067faafe690 mode 2
Event: 0.817 Thread 0x0000023f690e6d20 Uncommon trap: trap_request=0xffffff45 fr.pc=0x0000023f7384f4f8 relative=0x0000000000000078
Event: 0.817 Thread 0x0000023f690e6d20 Uncommon trap: reason=unstable_if action=reinterpret pc=0x0000023f7384f4f8 method=java.lang.String.isLatin1()Z @ 10 c2
Event: 0.817 Thread 0x0000023f690e6d20 DEOPT PACKING pc=0x0000023f7384f4f8 sp=0x00000067faaff110
Event: 0.817 Thread 0x0000023f690e6d20 DEOPT UNPACKING pc=0x0000023f732f66a3 sp=0x00000067faaff050 mode 2
Event: 0.944 Thread 0x0000023f690e6d20 Uncommon trap: trap_request=0xffffff45 fr.pc=0x0000023f738571c4 relative=0x00000000000000c4
Event: 0.944 Thread 0x0000023f690e6d20 Uncommon trap: reason=unstable_if action=reinterpret pc=0x0000023f738571c4 method=java.net.URI.match(CJJ)Z @ 45 c2
Event: 0.944 Thread 0x0000023f690e6d20 DEOPT PACKING pc=0x0000023f738571c4 sp=0x00000067faafcbe0
Event: 0.944 Thread 0x0000023f690e6d20 DEOPT UNPACKING pc=0x0000023f732f66a3 sp=0x00000067faafcb68 mode 2
Event: 0.964 Thread 0x0000023f690e6d20 Uncommon trap: trap_request=0xffffff45 fr.pc=0x0000023f7386905c relative=0x000000000000067c
Event: 0.964 Thread 0x0000023f690e6d20 Uncommon trap: reason=unstable_if action=reinterpret pc=0x0000023f7386905c method=java.lang.String.replace(Ljava/lang/CharSequence;Ljava/lang/CharSequence;)Ljava/lang/String; @ 48 c2
Event: 0.964 Thread 0x0000023f690e6d20 DEOPT PACKING pc=0x0000023f7386905c sp=0x00000067faafcb50
Event: 0.964 Thread 0x0000023f690e6d20 DEOPT UNPACKING pc=0x0000023f732f66a3 sp=0x00000067faafcad0 mode 2

Classes unloaded (0 events):
No events

Classes redefined (0 events):
No events

Internal exceptions (2 events):
Event: 0.316 Thread 0x0000023f690e6d20 Exception <a 'java/lang/NoSuchMethodError'{0x00000000eacb4f50}: 'void java.lang.invoke.DirectMethodHandle$Holder.invokeStatic(java.lang.Object, java.lang.Object, java.lang.Object)'> (0x00000000eacb4f50) 
thrown [s\src\hotspot\share\interpreter\linkResolver.cpp, line 759]
Event: 0.652 Thread 0x0000023f690e6d20 Exception <a 'java/lang/reflect/InvocationTargetException'{0x00000000eafe6130}> (0x00000000eafe6130) 
thrown [s\src\hotspot\share\runtime\reflection.cpp, line 1121]

VM Operations (2 events):
Event: 0.324 Executing VM operation: HandshakeAllThreads
Event: 0.324 Executing VM operation: HandshakeAllThreads done

Events (20 events):
Event: 1.028 loading class java/util/TimSort done
Event: 1.028 loading class jdk/internal/jimage/decompressor/ResourceDecompressor$StringsProvider
Event: 1.029 loading class jdk/internal/jimage/decompressor/ResourceDecompressor$StringsProvider done
Event: 1.029 loading class jdk/internal/jimage/decompressor/CompressedResourceHeader
Event: 1.030 loading class jdk/internal/jimage/decompressor/CompressedResourceHeader done
Event: 1.030 loading class jdk/internal/jimage/decompressor/ResourceDecompressorRepository
Event: 1.030 loading class jdk/internal/jimage/decompressor/ResourceDecompressorRepository done
Event: 1.030 loading class jdk/internal/jimage/decompressor/ZipDecompressorFactory
Event: 1.030 loading class jdk/internal/jimage/decompressor/ResourceDecompressorFactory
Event: 1.030 loading class jdk/internal/jimage/decompressor/ResourceDecompressorFactory done
Event: 1.030 loading class jdk/internal/jimage/decompressor/ZipDecompressorFactory done
Event: 1.030 loading class jdk/internal/jimage/decompressor/StringSharingDecompressorFactory
Event: 1.031 loading class jdk/internal/jimage/decompressor/StringSharingDecompressorFactory done
Event: 1.031 loading class jdk/internal/jimage/decompressor/ZipDecompressor
Event: 1.031 loading class jdk/internal/jimage/decompressor/ResourceDecompressor
Event: 1.031 loading class jdk/internal/jimage/decompressor/ResourceDecompressor done
Event: 1.031 loading class jdk/internal/jimage/decompressor/ZipDecompressor done
Event: 1.034 loading class jdk/internal/icu/util/VersionInfo
Event: 1.034 loading class jdk/internal/icu/util/VersionInfo done
Event: 1.034 loading class jdk/internal/icu/util/CodePointTrie$Fast16


Dynamic libraries:
0x00007ff66abd0000 - 0x00007ff66abde000 	c:\Users\Rashi\.vscode\extensions\redhat.java-1.28.1-win32-x64\jre\17.0.10-win32-x86_64\bin\java.exe
0x00007ffced3d0000 - 0x00007ffced5c8000 	C:\WINDOWS\SYSTEM32\ntdll.dll
0x00007ffceb980000 - 0x00007ffceba3d000 	C:\WINDOWS\System32\KERNEL32.DLL
0x00007ffceae90000 - 0x00007ffceb186000 	C:\WINDOWS\System32\KERNELBASE.dll
0x00007ffce7fb0000 - 0x00007ffce8040000 	C:\WINDOWS\SYSTEM32\apphelp.dll
0x00007ffcead40000 - 0x00007ffceae40000 	C:\WINDOWS\System32\ucrtbase.dll
0x00007ffccc7f0000 - 0x00007ffccc80b000 	c:\Users\Rashi\.vscode\extensions\redhat.java-1.28.1-win32-x64\jre\17.0.10-win32-x86_64\bin\VCRUNTIME140.dll
0x00007ffccc670000 - 0x00007ffccc687000 	c:\Users\Rashi\.vscode\extensions\redhat.java-1.28.1-win32-x64\jre\17.0.10-win32-x86_64\bin\jli.dll
0x00007ffceb750000 - 0x00007ffceb8ee000 	C:\WINDOWS\System32\USER32.dll
0x00007ffcd1e20000 - 0x00007ffcd20ba000 	C:\WINDOWS\WinSxS\amd64_microsoft.windows.common-controls_6595b64144ccf1df_6.0.19041.3636_none_60b6a03d71f818d5\COMCTL32.dll
0x00007ffceaa80000 - 0x00007ffceaaa2000 	C:\WINDOWS\System32\win32u.dll
0x00007ffceced0000 - 0x00007ffcecefb000 	C:\WINDOWS\System32\GDI32.dll
0x00007ffceb2e0000 - 0x00007ffceb3f7000 	C:\WINDOWS\System32\gdi32full.dll
0x00007ffceb240000 - 0x00007ffceb2dd000 	C:\WINDOWS\System32\msvcp_win.dll
0x00007ffceb6b0000 - 0x00007ffceb74e000 	C:\WINDOWS\System32\msvcrt.dll
0x00007ffcebdb0000 - 0x00007ffcebde2000 	C:\WINDOWS\System32\IMM32.DLL
0x00007ffcdf8a0000 - 0x00007ffcdf8ac000 	c:\Users\Rashi\.vscode\extensions\redhat.java-1.28.1-win32-x64\jre\17.0.10-win32-x86_64\bin\vcruntime140_1.dll
0x00007ffcab8a0000 - 0x00007ffcab92d000 	c:\Users\Rashi\.vscode\extensions\redhat.java-1.28.1-win32-x64\jre\17.0.10-win32-x86_64\bin\msvcp140.dll
0x00007ffcaa070000 - 0x00007ffcaacd2000 	c:\Users\Rashi\.vscode\extensions\redhat.java-1.28.1-win32-x64\jre\17.0.10-win32-x86_64\bin\server\jvm.dll
0x00007ffcec370000 - 0x00007ffcec420000 	C:\WINDOWS\System32\ADVAPI32.dll
0x00007ffcebe60000 - 0x00007ffcebf00000 	C:\WINDOWS\System32\sechost.dll
0x00007ffceb580000 - 0x00007ffceb6a5000 	C:\WINDOWS\System32\RPCRT4.dll
0x00007ffceab40000 - 0x00007ffceab67000 	C:\WINDOWS\System32\bcrypt.dll
0x00007ffcea8e0000 - 0x00007ffcea92b000 	C:\WINDOWS\SYSTEM32\POWRPROF.dll
0x00007ffce0970000 - 0x00007ffce097a000 	C:\WINDOWS\SYSTEM32\VERSION.dll
0x00007ffcd8e70000 - 0x00007ffcd8e97000 	C:\WINDOWS\SYSTEM32\WINMM.dll
0x00007ffcd1060000 - 0x00007ffcd1069000 	C:\WINDOWS\SYSTEM32\WSOCK32.dll
0x00007ffceba40000 - 0x00007ffcebaab000 	C:\WINDOWS\System32\WS2_32.dll
0x00007ffcea8c0000 - 0x00007ffcea8d2000 	C:\WINDOWS\SYSTEM32\UMPDC.dll
0x00007ffce8940000 - 0x00007ffce8952000 	C:\WINDOWS\SYSTEM32\kernel.appcore.dll
0x00007ffcdf810000 - 0x00007ffcdf81a000 	c:\Users\Rashi\.vscode\extensions\redhat.java-1.28.1-win32-x64\jre\17.0.10-win32-x86_64\bin\jimage.dll
0x00007ffce8140000 - 0x00007ffce8324000 	C:\WINDOWS\SYSTEM32\DBGHELP.DLL
0x00007ffce0930000 - 0x00007ffce0964000 	C:\WINDOWS\SYSTEM32\dbgcore.DLL
0x00007ffceaab0000 - 0x00007ffceab32000 	C:\WINDOWS\System32\bcryptPrimitives.dll
0x00007ffcddcd0000 - 0x00007ffcddcde000 	c:\Users\Rashi\.vscode\extensions\redhat.java-1.28.1-win32-x64\jre\17.0.10-win32-x86_64\bin\instrument.dll
0x00007ffcaf6a0000 - 0x00007ffcaf6c5000 	c:\Users\Rashi\.vscode\extensions\redhat.java-1.28.1-win32-x64\jre\17.0.10-win32-x86_64\bin\java.dll
0x00007ffccc650000 - 0x00007ffccc668000 	c:\Users\Rashi\.vscode\extensions\redhat.java-1.28.1-win32-x64\jre\17.0.10-win32-x86_64\bin\zip.dll
0x00007ffcec480000 - 0x00007ffcecbeb000 	C:\WINDOWS\System32\SHELL32.dll
0x00007ffce8af0000 - 0x00007ffce928e000 	C:\WINDOWS\SYSTEM32\windows.storage.dll
0x00007ffced030000 - 0x00007ffced383000 	C:\WINDOWS\System32\combase.dll
0x00007ffcea300000 - 0x00007ffcea32e000 	C:\WINDOWS\SYSTEM32\Wldp.dll
0x00007ffcece00000 - 0x00007ffcececd000 	C:\WINDOWS\System32\OLEAUT32.dll
0x00007ffcebbd0000 - 0x00007ffcebc7d000 	C:\WINDOWS\System32\SHCORE.dll
0x00007ffcecda0000 - 0x00007ffcecdf5000 	C:\WINDOWS\System32\shlwapi.dll
0x00007ffcea9b0000 - 0x00007ffcea9d5000 	C:\WINDOWS\SYSTEM32\profapi.dll
0x00007ffccc630000 - 0x00007ffccc649000 	C:\Users\Rashi\.vscode\extensions\redhat.java-1.28.1-win32-x64\jre\17.0.10-win32-x86_64\bin\net.dll
0x00007ffce2f30000 - 0x00007ffce303a000 	C:\WINDOWS\SYSTEM32\WINHTTP.dll
0x00007ffcea0e0000 - 0x00007ffcea14a000 	C:\WINDOWS\system32\mswsock.dll
0x00007ffccc610000 - 0x00007ffccc626000 	C:\Users\Rashi\.vscode\extensions\redhat.java-1.28.1-win32-x64\jre\17.0.10-win32-x86_64\bin\nio.dll
0x00007ffcddc80000 - 0x00007ffcddc90000 	c:\Users\Rashi\.vscode\extensions\redhat.java-1.28.1-win32-x64\jre\17.0.10-win32-x86_64\bin\verify.dll

dbghelp: loaded successfully - version: 4.0.5 - missing functions: none
symbol engine: initialized successfully - sym options: 0x614 - pdb path: .;c:\Users\Rashi\.vscode\extensions\redhat.java-1.28.1-win32-x64\jre\17.0.10-win32-x86_64\bin;C:\WINDOWS\SYSTEM32;C:\WINDOWS\WinSxS\amd64_microsoft.windows.common-controls_6595b64144ccf1df_6.0.19041.3636_none_60b6a03d71f818d5;c:\Users\Rashi\.vscode\extensions\redhat.java-1.28.1-win32-x64\jre\17.0.10-win32-x86_64\bin\server

VM Arguments:
jvm_args: --add-modules=ALL-SYSTEM --add-opens=java.base/java.util=ALL-UNNAMED --add-opens=java.base/java.lang=ALL-UNNAMED --add-opens=java.base/sun.nio.fs=ALL-UNNAMED -Declipse.application=org.eclipse.jdt.ls.core.id1 -Dosgi.bundles.defaultStartLevel=4 -Declipse.product=org.eclipse.jdt.ls.core.product -Djava.import.generatesMetadataFilesAtProjectRoot=false -DDetectVMInstallationsJob.disabled=true -Dfile.encoding=utf8 -XX:+UseParallelGC -XX:GCTimeRatio=4 -XX:AdaptiveSizePolicyWeight=90 -Dsun.zip.disableMemoryMapping=true -Xmx1G -Xms100m -Xlog:disable -javaagent:c:\Users\Rashi\.vscode\extensions\redhat.java-1.28.1-win32-x64\lombok\lombok-1.18.31.jar 
java_command: c:\Users\Rashi\.vscode\extensions\redhat.java-1.28.1-win32-x64\server\plugins\org.eclipse.equinox.launcher_1.6.700.v20231214-2017.jar -configuration c:\Users\Rashi\AppData\Roaming\Code\User\globalStorage\redhat.java\1.28.1\config_ss_win -data c:\Users\Rashi\AppData\Roaming\Code\User\workspaceStorage\c6eaf296e785e8220cfca6199db8f1a7\redhat.java\ss_ws --stdio
java_class_path (initial): c:\Users\Rashi\.vscode\extensions\redhat.java-1.28.1-win32-x64\server\plugins\org.eclipse.equinox.launcher_1.6.700.v20231214-2017.jar
Launcher Type: SUN_STANDARD

[Global flags]
    uintx AdaptiveSizePolicyWeight                 = 90                                        {product} {command line}
     intx CICompilerCount                          = 4                                         {product} {ergonomic}
    uintx GCTimeRatio                              = 4                                         {product} {command line}
   size_t InitialHeapSize                          = 104857600                                 {product} {command line}
   size_t MaxHeapSize                              = 1073741824                                {product} {command line}
   size_t MaxNewSize                               = 357564416                                 {product} {ergonomic}
   size_t MinHeapDeltaBytes                        = 524288                                    {product} {ergonomic}
   size_t MinHeapSize                              = 104857600                                 {product} {command line}
   size_t NewSize                                  = 34603008                                  {product} {ergonomic}
    uintx NonNMethodCodeHeapSize                   = 5839372                                {pd product} {ergonomic}
    uintx NonProfiledCodeHeapSize                  = 122909434                              {pd product} {ergonomic}
   size_t OldSize                                  = 70254592                                  {product} {ergonomic}
    uintx ProfiledCodeHeapSize                     = 122909434                              {pd product} {ergonomic}
    uintx ReservedCodeCacheSize                    = 251658240                              {pd product} {ergonomic}
     bool SegmentedCodeCache                       = true                                      {product} {ergonomic}
   size_t SoftMaxHeapSize                          = 1073741824                             {manageable} {ergonomic}
     bool UseCompressedClassPointers               = true                           {product lp64_product} {ergonomic}
     bool UseCompressedOops                        = true                           {product lp64_product} {ergonomic}
     bool UseLargePagesIndividualAllocation        = false                                  {pd product} {ergonomic}
     bool UseParallelGC                            = true                                      {product} {command line}

Logging:
Log output configuration:
 #0: stdout all=off uptime,level,tags
 #1: stderr all=off uptime,level,tags

Environment Variables:
JAVA_HOME=C:\Program Files\Java\jdk-11
PATH=C:\Program Files (x86)\Microsoft\Edge\Application;C:\Program Files\Common Files\Oracle\Java\javapath;C:\Program Files (x86)\Common Files\Oracle\Java\javapath;C:\Users\Rashi\AppData\Roaming\Microsoft\Windows\Start Menu\Programs\Python 3.12;C:\Program Files\Java\jdk-11\bin;C:\Program Files;C:\Users\Rashi\Downloads\selenium-java-4.18.1;C:\Users\Rashi\Downloads\selenium-java-4.18.1\lib;D:\chromedriver-win64;C:\Users\Rashi\AppData\Roaming\Microsoft\Windows\Start Menu\Programs\Python 3.12;C:\Program Files\Docker\Docker\resources\bin;D:\Ruby32-x64\bin;C:\Program Files\nodejs\node_modules\npm\bin;C:\Program Files\nodejs;C:\Program Files\Java\jdk-11\lib;C:\Program Files\Java\jdk-11\bin;C:\Program Files\Java\jdk-11\lib;C:\Program Files\nodejs\node_modules\npm\bin;C:\Users\Rashi\AppData\Local\Android\Sdk\platform-tools;C:\Users\Rashi\AppData\Local\Android\Sdk\build-tools;C:\Users\Rashi\AppData\Local\Android\Sdk\platforms;C:\Program Files\Git\cmd;C:\Ruby32-x64\bin;E:\Ruby32-x64\bin;C:\Users\Rashi\AppData\Roaming\npm
USERNAME=Rashi
OS=Windows_NT
PROCESSOR_IDENTIFIER=Intel64 Family 6 Model 142 Stepping 12, GenuineIntel
TMP=C:\Users\Rashi\AppData\Local\Temp
TEMP=C:\Users\Rashi\AppData\Local\Temp



Periodic native trim disabled


---------------  S Y S T E M  ---------------

OS:
 Windows 10 , 64 bit Build 19041 (10.0.19041.3636)
OS uptime: 0 days 1:53 hours
Hyper-V role detected

CPU: total 8 (initial active 8) (4 cores per cpu, 2 threads per core) family 6 model 142 stepping 12 microcode 0xf8, cx8, cmov, fxsr, ht, mmx, 3dnowpref, sse, sse2, sse3, ssse3, sse4.1, sse4.2, popcnt, lzcnt, tsc, tscinvbit, avx, avx2, aes, erms, clmul, bmi1, bmi2, adx, fma, vzeroupper, clflush, clflushopt, hv
Processor Information for all 8 processors :
  Max Mhz: 2112, Current Mhz: 1609, Mhz Limit: 1605

Memory: 4k page, system-wide physical 8039M (593M free)
TotalPageFile size 12677M (AvailPageFile size 35M)
current process WorkingSet (physical memory assigned to process): 56M, peak: 56M
current process commit charge ("private bytes"): 195M, peak: 196M

vm_info: OpenJDK 64-Bit Server VM (17.0.10+7) for windows-amd64 JRE (17.0.10+7), built on Jan 16 2024 23:25:11 by "admin" with MS VC++ 16.10 / 16.11 (VS2019)

END.
